ERROR - 2025-03-22 08:43:09 --> Erreur lors de l'insertion des données : Array
(
)

ERROR - 2025-03-22 08:43:14 --> mysqli_sql_exception: Duplicate entry 'MlU0315' for key 'ECOLE.PRIMARY' in /home/mandresy-ranohavison/Documents/Projets/php/cepeProject/back/vendor/codeigniter4/framework/system/Database/MySQLi/Connection.php:327
Stack trace:
#0 /home/mandresy-ranohavison/Documents/Projets/php/cepeProject/back/vendor/codeigniter4/framework/system/Database/MySQLi/Connection.php(327): mysqli->query()
#1 /home/mandresy-ranohavison/Documents/Projets/php/cepeProject/back/vendor/codeigniter4/framework/system/Database/BaseConnection.php(738): CodeIgniter\Database\MySQLi\Connection->execute()
#2 /home/mandresy-ranohavison/Documents/Projets/php/cepeProject/back/vendor/codeigniter4/framework/system/Database/BaseConnection.php(652): CodeIgniter\Database\BaseConnection->simpleQuery()
#3 /home/mandresy-ranohavison/Documents/Projets/php/cepeProject/back/vendor/codeigniter4/framework/system/Database/BaseBuilder.php(2345): CodeIgniter\Database\BaseConnection->query()
#4 /home/mandresy-ranohavison/Documents/Projets/php/cepeProject/back/vendor/codeigniter4/framework/system/Model.php(394): CodeIgniter\Database\BaseBuilder->insert()
#5 /home/mandresy-ranohavison/Documents/Projets/php/cepeProject/back/vendor/codeigniter4/framework/system/BaseModel.php(839): CodeIgniter\Model->doInsert()
#6 /home/mandresy-ranohavison/Documents/Projets/php/cepeProject/back/vendor/codeigniter4/framework/system/Model.php(800): CodeIgniter\BaseModel->insert()
#7 /home/mandresy-ranohavison/Documents/Projets/php/cepeProject/back/app/Controllers/ApiController.php(58): CodeIgniter\Model->insert()
#8 /home/mandresy-ranohavison/Documents/Projets/php/cepeProject/back/vendor/codeigniter4/framework/system/CodeIgniter.php(933): App\Controllers\ApiController->createEcole()
#9 /home/mandresy-ranohavison/Documents/Projets/php/cepeProject/back/vendor/codeigniter4/framework/system/CodeIgniter.php(507): CodeIgniter\CodeIgniter->runController()
#10 /home/mandresy-ranohavison/Documents/Projets/php/cepeProject/back/vendor/codeigniter4/framework/system/CodeIgniter.php(354): CodeIgniter\CodeIgniter->handleRequest()
#11 /home/mandresy-ranohavison/Documents/Projets/php/cepeProject/back/vendor/codeigniter4/framework/system/Boot.php(334): CodeIgniter\CodeIgniter->run()
#12 /home/mandresy-ranohavison/Documents/Projets/php/cepeProject/back/vendor/codeigniter4/framework/system/Boot.php(67): CodeIgniter\Boot::runCodeIgniter()
#13 /home/mandresy-ranohavison/Documents/Projets/php/cepeProject/back/public/index.php(66): CodeIgniter\Boot::bootWeb()
#14 /home/mandresy-ranohavison/Documents/Projets/php/cepeProject/back/vendor/codeigniter4/framework/system/rewrite.php(44): require_once('...')
#15 {main}
ERROR - 2025-03-22 08:43:14 --> Exception : Duplicate entry 'MlU0315' for key 'ECOLE.PRIMARY'
ERROR - 2025-03-22 08:43:42 --> Erreur lors de l'insertion des données : Array
(
)

ERROR - 2025-03-22 08:50:49 --> Erreur lors de l'insertion des données : Array
(
)

ERROR - 2025-03-22 10:53:43 --> Erreur lors de l'insertion des données : Array
(
)

ERROR - 2025-03-22 10:57:13 --> Erreur lors de l'insertion des données : Array
(
)

ERROR - 2025-03-22 10:57:14 --> mysqli_sql_exception: Duplicate entry '002' for key 'ECOLE.PRIMARY' in /home/mandresy-ranohavison/Documents/Projets/php/cepeProject/back/vendor/codeigniter4/framework/system/Database/MySQLi/Connection.php:327
Stack trace:
#0 /home/mandresy-ranohavison/Documents/Projets/php/cepeProject/back/vendor/codeigniter4/framework/system/Database/MySQLi/Connection.php(327): mysqli->query()
#1 /home/mandresy-ranohavison/Documents/Projets/php/cepeProject/back/vendor/codeigniter4/framework/system/Database/BaseConnection.php(738): CodeIgniter\Database\MySQLi\Connection->execute()
#2 /home/mandresy-ranohavison/Documents/Projets/php/cepeProject/back/vendor/codeigniter4/framework/system/Database/BaseConnection.php(652): CodeIgniter\Database\BaseConnection->simpleQuery()
#3 /home/mandresy-ranohavison/Documents/Projets/php/cepeProject/back/vendor/codeigniter4/framework/system/Database/BaseBuilder.php(2345): CodeIgniter\Database\BaseConnection->query()
#4 /home/mandresy-ranohavison/Documents/Projets/php/cepeProject/back/vendor/codeigniter4/framework/system/Model.php(394): CodeIgniter\Database\BaseBuilder->insert()
#5 /home/mandresy-ranohavison/Documents/Projets/php/cepeProject/back/vendor/codeigniter4/framework/system/BaseModel.php(839): CodeIgniter\Model->doInsert()
#6 /home/mandresy-ranohavison/Documents/Projets/php/cepeProject/back/vendor/codeigniter4/framework/system/Model.php(800): CodeIgniter\BaseModel->insert()
#7 /home/mandresy-ranohavison/Documents/Projets/php/cepeProject/back/app/Controllers/ApiController.php(58): CodeIgniter\Model->insert()
#8 /home/mandresy-ranohavison/Documents/Projets/php/cepeProject/back/vendor/codeigniter4/framework/system/CodeIgniter.php(933): App\Controllers\ApiController->createEcole()
#9 /home/mandresy-ranohavison/Documents/Projets/php/cepeProject/back/vendor/codeigniter4/framework/system/CodeIgniter.php(507): CodeIgniter\CodeIgniter->runController()
#10 /home/mandresy-ranohavison/Documents/Projets/php/cepeProject/back/vendor/codeigniter4/framework/system/CodeIgniter.php(354): CodeIgniter\CodeIgniter->handleRequest()
#11 /home/mandresy-ranohavison/Documents/Projets/php/cepeProject/back/vendor/codeigniter4/framework/system/Boot.php(334): CodeIgniter\CodeIgniter->run()
#12 /home/mandresy-ranohavison/Documents/Projets/php/cepeProject/back/vendor/codeigniter4/framework/system/Boot.php(67): CodeIgniter\Boot::runCodeIgniter()
#13 /home/mandresy-ranohavison/Documents/Projets/php/cepeProject/back/public/index.php(66): CodeIgniter\Boot::bootWeb()
#14 /home/mandresy-ranohavison/Documents/Projets/php/cepeProject/back/vendor/codeigniter4/framework/system/rewrite.php(44): require_once('...')
#15 {main}
ERROR - 2025-03-22 10:57:14 --> Exception : Duplicate entry '002' for key 'ECOLE.PRIMARY'
ERROR - 2025-03-22 10:57:16 --> mysqli_sql_exception: Duplicate entry '002' for key 'ECOLE.PRIMARY' in /home/mandresy-ranohavison/Documents/Projets/php/cepeProject/back/vendor/codeigniter4/framework/system/Database/MySQLi/Connection.php:327
Stack trace:
#0 /home/mandresy-ranohavison/Documents/Projets/php/cepeProject/back/vendor/codeigniter4/framework/system/Database/MySQLi/Connection.php(327): mysqli->query()
#1 /home/mandresy-ranohavison/Documents/Projets/php/cepeProject/back/vendor/codeigniter4/framework/system/Database/BaseConnection.php(738): CodeIgniter\Database\MySQLi\Connection->execute()
#2 /home/mandresy-ranohavison/Documents/Projets/php/cepeProject/back/vendor/codeigniter4/framework/system/Database/BaseConnection.php(652): CodeIgniter\Database\BaseConnection->simpleQuery()
#3 /home/mandresy-ranohavison/Documents/Projets/php/cepeProject/back/vendor/codeigniter4/framework/system/Database/BaseBuilder.php(2345): CodeIgniter\Database\BaseConnection->query()
#4 /home/mandresy-ranohavison/Documents/Projets/php/cepeProject/back/vendor/codeigniter4/framework/system/Model.php(394): CodeIgniter\Database\BaseBuilder->insert()
#5 /home/mandresy-ranohavison/Documents/Projets/php/cepeProject/back/vendor/codeigniter4/framework/system/BaseModel.php(839): CodeIgniter\Model->doInsert()
#6 /home/mandresy-ranohavison/Documents/Projets/php/cepeProject/back/vendor/codeigniter4/framework/system/Model.php(800): CodeIgniter\BaseModel->insert()
#7 /home/mandresy-ranohavison/Documents/Projets/php/cepeProject/back/app/Controllers/ApiController.php(58): CodeIgniter\Model->insert()
#8 /home/mandresy-ranohavison/Documents/Projets/php/cepeProject/back/vendor/codeigniter4/framework/system/CodeIgniter.php(933): App\Controllers\ApiController->createEcole()
#9 /home/mandresy-ranohavison/Documents/Projets/php/cepeProject/back/vendor/codeigniter4/framework/system/CodeIgniter.php(507): CodeIgniter\CodeIgniter->runController()
#10 /home/mandresy-ranohavison/Documents/Projets/php/cepeProject/back/vendor/codeigniter4/framework/system/CodeIgniter.php(354): CodeIgniter\CodeIgniter->handleRequest()
#11 /home/mandresy-ranohavison/Documents/Projets/php/cepeProject/back/vendor/codeigniter4/framework/system/Boot.php(334): CodeIgniter\CodeIgniter->run()
#12 /home/mandresy-ranohavison/Documents/Projets/php/cepeProject/back/vendor/codeigniter4/framework/system/Boot.php(67): CodeIgniter\Boot::runCodeIgniter()
#13 /home/mandresy-ranohavison/Documents/Projets/php/cepeProject/back/public/index.php(66): CodeIgniter\Boot::bootWeb()
#14 /home/mandresy-ranohavison/Documents/Projets/php/cepeProject/back/vendor/codeigniter4/framework/system/rewrite.php(44): require_once('...')
#15 {main}
ERROR - 2025-03-22 10:57:16 --> Exception : Duplicate entry '002' for key 'ECOLE.PRIMARY'
ERROR - 2025-03-22 11:55:51 --> mysqli_sql_exception: Cannot add or update a child row: a foreign key constraint fails (`cepeCodeigniter`.`ELEVE`, CONSTRAINT `ELEVE_numEcole_foreign` FOREIGN KEY (`numEcole`) REFERENCES `ECOLE` (`numEcole`) ON DELETE CASCADE ON UPDATE CASCADE) in /home/mandresy-ranohavison/Documents/Projets/php/cepeProject/back/vendor/codeigniter4/framework/system/Database/MySQLi/Connection.php:327
Stack trace:
#0 /home/mandresy-ranohavison/Documents/Projets/php/cepeProject/back/vendor/codeigniter4/framework/system/Database/MySQLi/Connection.php(327): mysqli->query()
#1 /home/mandresy-ranohavison/Documents/Projets/php/cepeProject/back/vendor/codeigniter4/framework/system/Database/BaseConnection.php(738): CodeIgniter\Database\MySQLi\Connection->execute()
#2 /home/mandresy-ranohavison/Documents/Projets/php/cepeProject/back/vendor/codeigniter4/framework/system/Database/BaseConnection.php(652): CodeIgniter\Database\BaseConnection->simpleQuery()
#3 /home/mandresy-ranohavison/Documents/Projets/php/cepeProject/back/vendor/codeigniter4/framework/system/Database/BaseBuilder.php(2345): CodeIgniter\Database\BaseConnection->query()
#4 /home/mandresy-ranohavison/Documents/Projets/php/cepeProject/back/vendor/codeigniter4/framework/system/Model.php(394): CodeIgniter\Database\BaseBuilder->insert()
#5 /home/mandresy-ranohavison/Documents/Projets/php/cepeProject/back/vendor/codeigniter4/framework/system/BaseModel.php(839): CodeIgniter\Model->doInsert()
#6 /home/mandresy-ranohavison/Documents/Projets/php/cepeProject/back/vendor/codeigniter4/framework/system/Model.php(800): CodeIgniter\BaseModel->insert()
#7 /home/mandresy-ranohavison/Documents/Projets/php/cepeProject/back/app/Controllers/ApiController.php(108): CodeIgniter\Model->insert()
#8 /home/mandresy-ranohavison/Documents/Projets/php/cepeProject/back/vendor/codeigniter4/framework/system/CodeIgniter.php(933): App\Controllers\ApiController->createEleve()
#9 /home/mandresy-ranohavison/Documents/Projets/php/cepeProject/back/vendor/codeigniter4/framework/system/CodeIgniter.php(507): CodeIgniter\CodeIgniter->runController()
#10 /home/mandresy-ranohavison/Documents/Projets/php/cepeProject/back/vendor/codeigniter4/framework/system/CodeIgniter.php(354): CodeIgniter\CodeIgniter->handleRequest()
#11 /home/mandresy-ranohavison/Documents/Projets/php/cepeProject/back/vendor/codeigniter4/framework/system/Boot.php(334): CodeIgniter\CodeIgniter->run()
#12 /home/mandresy-ranohavison/Documents/Projets/php/cepeProject/back/vendor/codeigniter4/framework/system/Boot.php(67): CodeIgniter\Boot::runCodeIgniter()
#13 /home/mandresy-ranohavison/Documents/Projets/php/cepeProject/back/public/index.php(66): CodeIgniter\Boot::bootWeb()
#14 /home/mandresy-ranohavison/Documents/Projets/php/cepeProject/back/vendor/codeigniter4/framework/system/rewrite.php(44): require_once('...')
#15 {main}
CRITICAL - 2025-03-22 11:55:51 --> CodeIgniter\Database\Exceptions\DatabaseException: Cannot add or update a child row: a foreign key constraint fails (`cepeCodeigniter`.`ELEVE`, CONSTRAINT `ELEVE_numEcole_foreign` FOREIGN KEY (`numEcole`) REFERENCES `ECOLE` (`numEcole`) ON DELETE CASCADE ON UPDATE CASCADE)
[Method: POST, Route: api/eleve/create]
in SYSTEMPATH/Database/BaseConnection.php on line 692.
 1 SYSTEMPATH/Database/BaseBuilder.php(2345): CodeIgniter\Database\BaseConnection->query()
 2 SYSTEMPATH/Model.php(394): CodeIgniter\Database\BaseBuilder->insert()
 3 SYSTEMPATH/BaseModel.php(839): CodeIgniter\Model->doInsert()
 4 SYSTEMPATH/Model.php(800): CodeIgniter\BaseModel->insert()
 5 APPPATH/Controllers/ApiController.php(108): CodeIgniter\Model->insert()
 6 SYSTEMPATH/CodeIgniter.php(933): App\Controllers\ApiController->createEleve()
 7 SYSTEMPATH/CodeIgniter.php(507): CodeIgniter\CodeIgniter->runController()
 8 SYSTEMPATH/CodeIgniter.php(354): CodeIgniter\CodeIgniter->handleRequest()
 9 SYSTEMPATH/Boot.php(334): CodeIgniter\CodeIgniter->run()
10 SYSTEMPATH/Boot.php(67): CodeIgniter\Boot::runCodeIgniter()
11 FCPATH/index.php(66): CodeIgniter\Boot::bootWeb()
12 SYSTEMPATH/rewrite.php(44): require_once('/home/mandresy-ranohavison/Documents/Projets/php/cepeProject/back/public/index.php')
CRITICAL - 2025-03-22 11:55:51 --> [Caused by] CodeIgniter\Database\Exceptions\DatabaseException: Cannot add or update a child row: a foreign key constraint fails (`cepeCodeigniter`.`ELEVE`, CONSTRAINT `ELEVE_numEcole_foreign` FOREIGN KEY (`numEcole`) REFERENCES `ECOLE` (`numEcole`) ON DELETE CASCADE ON UPDATE CASCADE)
in SYSTEMPATH/Database/MySQLi/Connection.php on line 332.
 1 SYSTEMPATH/Database/BaseConnection.php(738): CodeIgniter\Database\MySQLi\Connection->execute()
 2 SYSTEMPATH/Database/BaseConnection.php(652): CodeIgniter\Database\BaseConnection->simpleQuery()
 3 SYSTEMPATH/Database/BaseBuilder.php(2345): CodeIgniter\Database\BaseConnection->query()
 4 SYSTEMPATH/Model.php(394): CodeIgniter\Database\BaseBuilder->insert()
 5 SYSTEMPATH/BaseModel.php(839): CodeIgniter\Model->doInsert()
 6 SYSTEMPATH/Model.php(800): CodeIgniter\BaseModel->insert()
 7 APPPATH/Controllers/ApiController.php(108): CodeIgniter\Model->insert()
 8 SYSTEMPATH/CodeIgniter.php(933): App\Controllers\ApiController->createEleve()
 9 SYSTEMPATH/CodeIgniter.php(507): CodeIgniter\CodeIgniter->runController()
10 SYSTEMPATH/CodeIgniter.php(354): CodeIgniter\CodeIgniter->handleRequest()
11 SYSTEMPATH/Boot.php(334): CodeIgniter\CodeIgniter->run()
12 SYSTEMPATH/Boot.php(67): CodeIgniter\Boot::runCodeIgniter()
13 FCPATH/index.php(66): CodeIgniter\Boot::bootWeb()
14 SYSTEMPATH/rewrite.php(44): require_once('/home/mandresy-ranohavison/Documents/Projets/php/cepeProject/back/public/index.php')
CRITICAL - 2025-03-22 11:55:51 --> [Caused by] mysqli_sql_exception: Cannot add or update a child row: a foreign key constraint fails (`cepeCodeigniter`.`ELEVE`, CONSTRAINT `ELEVE_numEcole_foreign` FOREIGN KEY (`numEcole`) REFERENCES `ECOLE` (`numEcole`) ON DELETE CASCADE ON UPDATE CASCADE)
in SYSTEMPATH/Database/MySQLi/Connection.php on line 327.
 1 SYSTEMPATH/Database/MySQLi/Connection.php(327): mysqli->query()
 2 SYSTEMPATH/Database/BaseConnection.php(738): CodeIgniter\Database\MySQLi\Connection->execute()
 3 SYSTEMPATH/Database/BaseConnection.php(652): CodeIgniter\Database\BaseConnection->simpleQuery()
 4 SYSTEMPATH/Database/BaseBuilder.php(2345): CodeIgniter\Database\BaseConnection->query()
 5 SYSTEMPATH/Model.php(394): CodeIgniter\Database\BaseBuilder->insert()
 6 SYSTEMPATH/BaseModel.php(839): CodeIgniter\Model->doInsert()
 7 SYSTEMPATH/Model.php(800): CodeIgniter\BaseModel->insert()
 8 APPPATH/Controllers/ApiController.php(108): CodeIgniter\Model->insert()
 9 SYSTEMPATH/CodeIgniter.php(933): App\Controllers\ApiController->createEleve()
10 SYSTEMPATH/CodeIgniter.php(507): CodeIgniter\CodeIgniter->runController()
11 SYSTEMPATH/CodeIgniter.php(354): CodeIgniter\CodeIgniter->handleRequest()
12 SYSTEMPATH/Boot.php(334): CodeIgniter\CodeIgniter->run()
13 SYSTEMPATH/Boot.php(67): CodeIgniter\Boot::runCodeIgniter()
14 FCPATH/index.php(66): CodeIgniter\Boot::bootWeb()
15 SYSTEMPATH/rewrite.php(44): require_once('/home/mandresy-ranohavison/Documents/Projets/php/cepeProject/back/public/index.php')
ERROR - 2025-03-22 11:55:53 --> mysqli_sql_exception: Cannot add or update a child row: a foreign key constraint fails (`cepeCodeigniter`.`ELEVE`, CONSTRAINT `ELEVE_numEcole_foreign` FOREIGN KEY (`numEcole`) REFERENCES `ECOLE` (`numEcole`) ON DELETE CASCADE ON UPDATE CASCADE) in /home/mandresy-ranohavison/Documents/Projets/php/cepeProject/back/vendor/codeigniter4/framework/system/Database/MySQLi/Connection.php:327
Stack trace:
#0 /home/mandresy-ranohavison/Documents/Projets/php/cepeProject/back/vendor/codeigniter4/framework/system/Database/MySQLi/Connection.php(327): mysqli->query()
#1 /home/mandresy-ranohavison/Documents/Projets/php/cepeProject/back/vendor/codeigniter4/framework/system/Database/BaseConnection.php(738): CodeIgniter\Database\MySQLi\Connection->execute()
#2 /home/mandresy-ranohavison/Documents/Projets/php/cepeProject/back/vendor/codeigniter4/framework/system/Database/BaseConnection.php(652): CodeIgniter\Database\BaseConnection->simpleQuery()
#3 /home/mandresy-ranohavison/Documents/Projets/php/cepeProject/back/vendor/codeigniter4/framework/system/Database/BaseBuilder.php(2345): CodeIgniter\Database\BaseConnection->query()
#4 /home/mandresy-ranohavison/Documents/Projets/php/cepeProject/back/vendor/codeigniter4/framework/system/Model.php(394): CodeIgniter\Database\BaseBuilder->insert()
#5 /home/mandresy-ranohavison/Documents/Projets/php/cepeProject/back/vendor/codeigniter4/framework/system/BaseModel.php(839): CodeIgniter\Model->doInsert()
#6 /home/mandresy-ranohavison/Documents/Projets/php/cepeProject/back/vendor/codeigniter4/framework/system/Model.php(800): CodeIgniter\BaseModel->insert()
#7 /home/mandresy-ranohavison/Documents/Projets/php/cepeProject/back/app/Controllers/ApiController.php(108): CodeIgniter\Model->insert()
#8 /home/mandresy-ranohavison/Documents/Projets/php/cepeProject/back/vendor/codeigniter4/framework/system/CodeIgniter.php(933): App\Controllers\ApiController->createEleve()
#9 /home/mandresy-ranohavison/Documents/Projets/php/cepeProject/back/vendor/codeigniter4/framework/system/CodeIgniter.php(507): CodeIgniter\CodeIgniter->runController()
#10 /home/mandresy-ranohavison/Documents/Projets/php/cepeProject/back/vendor/codeigniter4/framework/system/CodeIgniter.php(354): CodeIgniter\CodeIgniter->handleRequest()
#11 /home/mandresy-ranohavison/Documents/Projets/php/cepeProject/back/vendor/codeigniter4/framework/system/Boot.php(334): CodeIgniter\CodeIgniter->run()
#12 /home/mandresy-ranohavison/Documents/Projets/php/cepeProject/back/vendor/codeigniter4/framework/system/Boot.php(67): CodeIgniter\Boot::runCodeIgniter()
#13 /home/mandresy-ranohavison/Documents/Projets/php/cepeProject/back/public/index.php(66): CodeIgniter\Boot::bootWeb()
#14 /home/mandresy-ranohavison/Documents/Projets/php/cepeProject/back/vendor/codeigniter4/framework/system/rewrite.php(44): require_once('...')
#15 {main}
CRITICAL - 2025-03-22 11:55:53 --> CodeIgniter\Database\Exceptions\DatabaseException: Cannot add or update a child row: a foreign key constraint fails (`cepeCodeigniter`.`ELEVE`, CONSTRAINT `ELEVE_numEcole_foreign` FOREIGN KEY (`numEcole`) REFERENCES `ECOLE` (`numEcole`) ON DELETE CASCADE ON UPDATE CASCADE)
[Method: POST, Route: api/eleve/create]
in SYSTEMPATH/Database/BaseConnection.php on line 692.
 1 SYSTEMPATH/Database/BaseBuilder.php(2345): CodeIgniter\Database\BaseConnection->query()
 2 SYSTEMPATH/Model.php(394): CodeIgniter\Database\BaseBuilder->insert()
 3 SYSTEMPATH/BaseModel.php(839): CodeIgniter\Model->doInsert()
 4 SYSTEMPATH/Model.php(800): CodeIgniter\BaseModel->insert()
 5 APPPATH/Controllers/ApiController.php(108): CodeIgniter\Model->insert()
 6 SYSTEMPATH/CodeIgniter.php(933): App\Controllers\ApiController->createEleve()
 7 SYSTEMPATH/CodeIgniter.php(507): CodeIgniter\CodeIgniter->runController()
 8 SYSTEMPATH/CodeIgniter.php(354): CodeIgniter\CodeIgniter->handleRequest()
 9 SYSTEMPATH/Boot.php(334): CodeIgniter\CodeIgniter->run()
10 SYSTEMPATH/Boot.php(67): CodeIgniter\Boot::runCodeIgniter()
11 FCPATH/index.php(66): CodeIgniter\Boot::bootWeb()
12 SYSTEMPATH/rewrite.php(44): require_once('/home/mandresy-ranohavison/Documents/Projets/php/cepeProject/back/public/index.php')
CRITICAL - 2025-03-22 11:55:53 --> [Caused by] CodeIgniter\Database\Exceptions\DatabaseException: Cannot add or update a child row: a foreign key constraint fails (`cepeCodeigniter`.`ELEVE`, CONSTRAINT `ELEVE_numEcole_foreign` FOREIGN KEY (`numEcole`) REFERENCES `ECOLE` (`numEcole`) ON DELETE CASCADE ON UPDATE CASCADE)
in SYSTEMPATH/Database/MySQLi/Connection.php on line 332.
 1 SYSTEMPATH/Database/BaseConnection.php(738): CodeIgniter\Database\MySQLi\Connection->execute()
 2 SYSTEMPATH/Database/BaseConnection.php(652): CodeIgniter\Database\BaseConnection->simpleQuery()
 3 SYSTEMPATH/Database/BaseBuilder.php(2345): CodeIgniter\Database\BaseConnection->query()
 4 SYSTEMPATH/Model.php(394): CodeIgniter\Database\BaseBuilder->insert()
 5 SYSTEMPATH/BaseModel.php(839): CodeIgniter\Model->doInsert()
 6 SYSTEMPATH/Model.php(800): CodeIgniter\BaseModel->insert()
 7 APPPATH/Controllers/ApiController.php(108): CodeIgniter\Model->insert()
 8 SYSTEMPATH/CodeIgniter.php(933): App\Controllers\ApiController->createEleve()
 9 SYSTEMPATH/CodeIgniter.php(507): CodeIgniter\CodeIgniter->runController()
10 SYSTEMPATH/CodeIgniter.php(354): CodeIgniter\CodeIgniter->handleRequest()
11 SYSTEMPATH/Boot.php(334): CodeIgniter\CodeIgniter->run()
12 SYSTEMPATH/Boot.php(67): CodeIgniter\Boot::runCodeIgniter()
13 FCPATH/index.php(66): CodeIgniter\Boot::bootWeb()
14 SYSTEMPATH/rewrite.php(44): require_once('/home/mandresy-ranohavison/Documents/Projets/php/cepeProject/back/public/index.php')
CRITICAL - 2025-03-22 11:55:53 --> [Caused by] mysqli_sql_exception: Cannot add or update a child row: a foreign key constraint fails (`cepeCodeigniter`.`ELEVE`, CONSTRAINT `ELEVE_numEcole_foreign` FOREIGN KEY (`numEcole`) REFERENCES `ECOLE` (`numEcole`) ON DELETE CASCADE ON UPDATE CASCADE)
in SYSTEMPATH/Database/MySQLi/Connection.php on line 327.
 1 SYSTEMPATH/Database/MySQLi/Connection.php(327): mysqli->query()
 2 SYSTEMPATH/Database/BaseConnection.php(738): CodeIgniter\Database\MySQLi\Connection->execute()
 3 SYSTEMPATH/Database/BaseConnection.php(652): CodeIgniter\Database\BaseConnection->simpleQuery()
 4 SYSTEMPATH/Database/BaseBuilder.php(2345): CodeIgniter\Database\BaseConnection->query()
 5 SYSTEMPATH/Model.php(394): CodeIgniter\Database\BaseBuilder->insert()
 6 SYSTEMPATH/BaseModel.php(839): CodeIgniter\Model->doInsert()
 7 SYSTEMPATH/Model.php(800): CodeIgniter\BaseModel->insert()
 8 APPPATH/Controllers/ApiController.php(108): CodeIgniter\Model->insert()
 9 SYSTEMPATH/CodeIgniter.php(933): App\Controllers\ApiController->createEleve()
10 SYSTEMPATH/CodeIgniter.php(507): CodeIgniter\CodeIgniter->runController()
11 SYSTEMPATH/CodeIgniter.php(354): CodeIgniter\CodeIgniter->handleRequest()
12 SYSTEMPATH/Boot.php(334): CodeIgniter\CodeIgniter->run()
13 SYSTEMPATH/Boot.php(67): CodeIgniter\Boot::runCodeIgniter()
14 FCPATH/index.php(66): CodeIgniter\Boot::bootWeb()
15 SYSTEMPATH/rewrite.php(44): require_once('/home/mandresy-ranohavison/Documents/Projets/php/cepeProject/back/public/index.php')
ERROR - 2025-03-22 11:56:04 --> mysqli_sql_exception: Cannot add or update a child row: a foreign key constraint fails (`cepeCodeigniter`.`ELEVE`, CONSTRAINT `ELEVE_numEcole_foreign` FOREIGN KEY (`numEcole`) REFERENCES `ECOLE` (`numEcole`) ON DELETE CASCADE ON UPDATE CASCADE) in /home/mandresy-ranohavison/Documents/Projets/php/cepeProject/back/vendor/codeigniter4/framework/system/Database/MySQLi/Connection.php:327
Stack trace:
#0 /home/mandresy-ranohavison/Documents/Projets/php/cepeProject/back/vendor/codeigniter4/framework/system/Database/MySQLi/Connection.php(327): mysqli->query()
#1 /home/mandresy-ranohavison/Documents/Projets/php/cepeProject/back/vendor/codeigniter4/framework/system/Database/BaseConnection.php(738): CodeIgniter\Database\MySQLi\Connection->execute()
#2 /home/mandresy-ranohavison/Documents/Projets/php/cepeProject/back/vendor/codeigniter4/framework/system/Database/BaseConnection.php(652): CodeIgniter\Database\BaseConnection->simpleQuery()
#3 /home/mandresy-ranohavison/Documents/Projets/php/cepeProject/back/vendor/codeigniter4/framework/system/Database/BaseBuilder.php(2345): CodeIgniter\Database\BaseConnection->query()
#4 /home/mandresy-ranohavison/Documents/Projets/php/cepeProject/back/vendor/codeigniter4/framework/system/Model.php(394): CodeIgniter\Database\BaseBuilder->insert()
#5 /home/mandresy-ranohavison/Documents/Projets/php/cepeProject/back/vendor/codeigniter4/framework/system/BaseModel.php(839): CodeIgniter\Model->doInsert()
#6 /home/mandresy-ranohavison/Documents/Projets/php/cepeProject/back/vendor/codeigniter4/framework/system/Model.php(800): CodeIgniter\BaseModel->insert()
#7 /home/mandresy-ranohavison/Documents/Projets/php/cepeProject/back/app/Controllers/ApiController.php(108): CodeIgniter\Model->insert()
#8 /home/mandresy-ranohavison/Documents/Projets/php/cepeProject/back/vendor/codeigniter4/framework/system/CodeIgniter.php(933): App\Controllers\ApiController->createEleve()
#9 /home/mandresy-ranohavison/Documents/Projets/php/cepeProject/back/vendor/codeigniter4/framework/system/CodeIgniter.php(507): CodeIgniter\CodeIgniter->runController()
#10 /home/mandresy-ranohavison/Documents/Projets/php/cepeProject/back/vendor/codeigniter4/framework/system/CodeIgniter.php(354): CodeIgniter\CodeIgniter->handleRequest()
#11 /home/mandresy-ranohavison/Documents/Projets/php/cepeProject/back/vendor/codeigniter4/framework/system/Boot.php(334): CodeIgniter\CodeIgniter->run()
#12 /home/mandresy-ranohavison/Documents/Projets/php/cepeProject/back/vendor/codeigniter4/framework/system/Boot.php(67): CodeIgniter\Boot::runCodeIgniter()
#13 /home/mandresy-ranohavison/Documents/Projets/php/cepeProject/back/public/index.php(66): CodeIgniter\Boot::bootWeb()
#14 /home/mandresy-ranohavison/Documents/Projets/php/cepeProject/back/vendor/codeigniter4/framework/system/rewrite.php(44): require_once('...')
#15 {main}
CRITICAL - 2025-03-22 11:56:04 --> CodeIgniter\Database\Exceptions\DatabaseException: Cannot add or update a child row: a foreign key constraint fails (`cepeCodeigniter`.`ELEVE`, CONSTRAINT `ELEVE_numEcole_foreign` FOREIGN KEY (`numEcole`) REFERENCES `ECOLE` (`numEcole`) ON DELETE CASCADE ON UPDATE CASCADE)
[Method: POST, Route: api/eleve/create]
in SYSTEMPATH/Database/BaseConnection.php on line 692.
 1 SYSTEMPATH/Database/BaseBuilder.php(2345): CodeIgniter\Database\BaseConnection->query()
 2 SYSTEMPATH/Model.php(394): CodeIgniter\Database\BaseBuilder->insert()
 3 SYSTEMPATH/BaseModel.php(839): CodeIgniter\Model->doInsert()
 4 SYSTEMPATH/Model.php(800): CodeIgniter\BaseModel->insert()
 5 APPPATH/Controllers/ApiController.php(108): CodeIgniter\Model->insert()
 6 SYSTEMPATH/CodeIgniter.php(933): App\Controllers\ApiController->createEleve()
 7 SYSTEMPATH/CodeIgniter.php(507): CodeIgniter\CodeIgniter->runController()
 8 SYSTEMPATH/CodeIgniter.php(354): CodeIgniter\CodeIgniter->handleRequest()
 9 SYSTEMPATH/Boot.php(334): CodeIgniter\CodeIgniter->run()
10 SYSTEMPATH/Boot.php(67): CodeIgniter\Boot::runCodeIgniter()
11 FCPATH/index.php(66): CodeIgniter\Boot::bootWeb()
12 SYSTEMPATH/rewrite.php(44): require_once('/home/mandresy-ranohavison/Documents/Projets/php/cepeProject/back/public/index.php')
CRITICAL - 2025-03-22 11:56:04 --> [Caused by] CodeIgniter\Database\Exceptions\DatabaseException: Cannot add or update a child row: a foreign key constraint fails (`cepeCodeigniter`.`ELEVE`, CONSTRAINT `ELEVE_numEcole_foreign` FOREIGN KEY (`numEcole`) REFERENCES `ECOLE` (`numEcole`) ON DELETE CASCADE ON UPDATE CASCADE)
in SYSTEMPATH/Database/MySQLi/Connection.php on line 332.
 1 SYSTEMPATH/Database/BaseConnection.php(738): CodeIgniter\Database\MySQLi\Connection->execute()
 2 SYSTEMPATH/Database/BaseConnection.php(652): CodeIgniter\Database\BaseConnection->simpleQuery()
 3 SYSTEMPATH/Database/BaseBuilder.php(2345): CodeIgniter\Database\BaseConnection->query()
 4 SYSTEMPATH/Model.php(394): CodeIgniter\Database\BaseBuilder->insert()
 5 SYSTEMPATH/BaseModel.php(839): CodeIgniter\Model->doInsert()
 6 SYSTEMPATH/Model.php(800): CodeIgniter\BaseModel->insert()
 7 APPPATH/Controllers/ApiController.php(108): CodeIgniter\Model->insert()
 8 SYSTEMPATH/CodeIgniter.php(933): App\Controllers\ApiController->createEleve()
 9 SYSTEMPATH/CodeIgniter.php(507): CodeIgniter\CodeIgniter->runController()
10 SYSTEMPATH/CodeIgniter.php(354): CodeIgniter\CodeIgniter->handleRequest()
11 SYSTEMPATH/Boot.php(334): CodeIgniter\CodeIgniter->run()
12 SYSTEMPATH/Boot.php(67): CodeIgniter\Boot::runCodeIgniter()
13 FCPATH/index.php(66): CodeIgniter\Boot::bootWeb()
14 SYSTEMPATH/rewrite.php(44): require_once('/home/mandresy-ranohavison/Documents/Projets/php/cepeProject/back/public/index.php')
CRITICAL - 2025-03-22 11:56:04 --> [Caused by] mysqli_sql_exception: Cannot add or update a child row: a foreign key constraint fails (`cepeCodeigniter`.`ELEVE`, CONSTRAINT `ELEVE_numEcole_foreign` FOREIGN KEY (`numEcole`) REFERENCES `ECOLE` (`numEcole`) ON DELETE CASCADE ON UPDATE CASCADE)
in SYSTEMPATH/Database/MySQLi/Connection.php on line 327.
 1 SYSTEMPATH/Database/MySQLi/Connection.php(327): mysqli->query()
 2 SYSTEMPATH/Database/BaseConnection.php(738): CodeIgniter\Database\MySQLi\Connection->execute()
 3 SYSTEMPATH/Database/BaseConnection.php(652): CodeIgniter\Database\BaseConnection->simpleQuery()
 4 SYSTEMPATH/Database/BaseBuilder.php(2345): CodeIgniter\Database\BaseConnection->query()
 5 SYSTEMPATH/Model.php(394): CodeIgniter\Database\BaseBuilder->insert()
 6 SYSTEMPATH/BaseModel.php(839): CodeIgniter\Model->doInsert()
 7 SYSTEMPATH/Model.php(800): CodeIgniter\BaseModel->insert()
 8 APPPATH/Controllers/ApiController.php(108): CodeIgniter\Model->insert()
 9 SYSTEMPATH/CodeIgniter.php(933): App\Controllers\ApiController->createEleve()
10 SYSTEMPATH/CodeIgniter.php(507): CodeIgniter\CodeIgniter->runController()
11 SYSTEMPATH/CodeIgniter.php(354): CodeIgniter\CodeIgniter->handleRequest()
12 SYSTEMPATH/Boot.php(334): CodeIgniter\CodeIgniter->run()
13 SYSTEMPATH/Boot.php(67): CodeIgniter\Boot::runCodeIgniter()
14 FCPATH/index.php(66): CodeIgniter\Boot::bootWeb()
15 SYSTEMPATH/rewrite.php(44): require_once('/home/mandresy-ranohavison/Documents/Projets/php/cepeProject/back/public/index.php')
ERROR - 2025-03-22 11:56:28 --> mysqli_sql_exception: Cannot add or update a child row: a foreign key constraint fails (`cepeCodeigniter`.`ELEVE`, CONSTRAINT `ELEVE_numEcole_foreign` FOREIGN KEY (`numEcole`) REFERENCES `ECOLE` (`numEcole`) ON DELETE CASCADE ON UPDATE CASCADE) in /home/mandresy-ranohavison/Documents/Projets/php/cepeProject/back/vendor/codeigniter4/framework/system/Database/MySQLi/Connection.php:327
Stack trace:
#0 /home/mandresy-ranohavison/Documents/Projets/php/cepeProject/back/vendor/codeigniter4/framework/system/Database/MySQLi/Connection.php(327): mysqli->query()
#1 /home/mandresy-ranohavison/Documents/Projets/php/cepeProject/back/vendor/codeigniter4/framework/system/Database/BaseConnection.php(738): CodeIgniter\Database\MySQLi\Connection->execute()
#2 /home/mandresy-ranohavison/Documents/Projets/php/cepeProject/back/vendor/codeigniter4/framework/system/Database/BaseConnection.php(652): CodeIgniter\Database\BaseConnection->simpleQuery()
#3 /home/mandresy-ranohavison/Documents/Projets/php/cepeProject/back/vendor/codeigniter4/framework/system/Database/BaseBuilder.php(2345): CodeIgniter\Database\BaseConnection->query()
#4 /home/mandresy-ranohavison/Documents/Projets/php/cepeProject/back/vendor/codeigniter4/framework/system/Model.php(394): CodeIgniter\Database\BaseBuilder->insert()
#5 /home/mandresy-ranohavison/Documents/Projets/php/cepeProject/back/vendor/codeigniter4/framework/system/BaseModel.php(839): CodeIgniter\Model->doInsert()
#6 /home/mandresy-ranohavison/Documents/Projets/php/cepeProject/back/vendor/codeigniter4/framework/system/Model.php(800): CodeIgniter\BaseModel->insert()
#7 /home/mandresy-ranohavison/Documents/Projets/php/cepeProject/back/app/Controllers/ApiController.php(108): CodeIgniter\Model->insert()
#8 /home/mandresy-ranohavison/Documents/Projets/php/cepeProject/back/vendor/codeigniter4/framework/system/CodeIgniter.php(933): App\Controllers\ApiController->createEleve()
#9 /home/mandresy-ranohavison/Documents/Projets/php/cepeProject/back/vendor/codeigniter4/framework/system/CodeIgniter.php(507): CodeIgniter\CodeIgniter->runController()
#10 /home/mandresy-ranohavison/Documents/Projets/php/cepeProject/back/vendor/codeigniter4/framework/system/CodeIgniter.php(354): CodeIgniter\CodeIgniter->handleRequest()
#11 /home/mandresy-ranohavison/Documents/Projets/php/cepeProject/back/vendor/codeigniter4/framework/system/Boot.php(334): CodeIgniter\CodeIgniter->run()
#12 /home/mandresy-ranohavison/Documents/Projets/php/cepeProject/back/vendor/codeigniter4/framework/system/Boot.php(67): CodeIgniter\Boot::runCodeIgniter()
#13 /home/mandresy-ranohavison/Documents/Projets/php/cepeProject/back/public/index.php(66): CodeIgniter\Boot::bootWeb()
#14 /home/mandresy-ranohavison/Documents/Projets/php/cepeProject/back/vendor/codeigniter4/framework/system/rewrite.php(44): require_once('...')
#15 {main}
CRITICAL - 2025-03-22 11:56:28 --> CodeIgniter\Database\Exceptions\DatabaseException: Cannot add or update a child row: a foreign key constraint fails (`cepeCodeigniter`.`ELEVE`, CONSTRAINT `ELEVE_numEcole_foreign` FOREIGN KEY (`numEcole`) REFERENCES `ECOLE` (`numEcole`) ON DELETE CASCADE ON UPDATE CASCADE)
[Method: POST, Route: api/eleve/create]
in SYSTEMPATH/Database/BaseConnection.php on line 692.
 1 SYSTEMPATH/Database/BaseBuilder.php(2345): CodeIgniter\Database\BaseConnection->query()
 2 SYSTEMPATH/Model.php(394): CodeIgniter\Database\BaseBuilder->insert()
 3 SYSTEMPATH/BaseModel.php(839): CodeIgniter\Model->doInsert()
 4 SYSTEMPATH/Model.php(800): CodeIgniter\BaseModel->insert()
 5 APPPATH/Controllers/ApiController.php(108): CodeIgniter\Model->insert()
 6 SYSTEMPATH/CodeIgniter.php(933): App\Controllers\ApiController->createEleve()
 7 SYSTEMPATH/CodeIgniter.php(507): CodeIgniter\CodeIgniter->runController()
 8 SYSTEMPATH/CodeIgniter.php(354): CodeIgniter\CodeIgniter->handleRequest()
 9 SYSTEMPATH/Boot.php(334): CodeIgniter\CodeIgniter->run()
10 SYSTEMPATH/Boot.php(67): CodeIgniter\Boot::runCodeIgniter()
11 FCPATH/index.php(66): CodeIgniter\Boot::bootWeb()
12 SYSTEMPATH/rewrite.php(44): require_once('/home/mandresy-ranohavison/Documents/Projets/php/cepeProject/back/public/index.php')
CRITICAL - 2025-03-22 11:56:28 --> [Caused by] CodeIgniter\Database\Exceptions\DatabaseException: Cannot add or update a child row: a foreign key constraint fails (`cepeCodeigniter`.`ELEVE`, CONSTRAINT `ELEVE_numEcole_foreign` FOREIGN KEY (`numEcole`) REFERENCES `ECOLE` (`numEcole`) ON DELETE CASCADE ON UPDATE CASCADE)
in SYSTEMPATH/Database/MySQLi/Connection.php on line 332.
 1 SYSTEMPATH/Database/BaseConnection.php(738): CodeIgniter\Database\MySQLi\Connection->execute()
 2 SYSTEMPATH/Database/BaseConnection.php(652): CodeIgniter\Database\BaseConnection->simpleQuery()
 3 SYSTEMPATH/Database/BaseBuilder.php(2345): CodeIgniter\Database\BaseConnection->query()
 4 SYSTEMPATH/Model.php(394): CodeIgniter\Database\BaseBuilder->insert()
 5 SYSTEMPATH/BaseModel.php(839): CodeIgniter\Model->doInsert()
 6 SYSTEMPATH/Model.php(800): CodeIgniter\BaseModel->insert()
 7 APPPATH/Controllers/ApiController.php(108): CodeIgniter\Model->insert()
 8 SYSTEMPATH/CodeIgniter.php(933): App\Controllers\ApiController->createEleve()
 9 SYSTEMPATH/CodeIgniter.php(507): CodeIgniter\CodeIgniter->runController()
10 SYSTEMPATH/CodeIgniter.php(354): CodeIgniter\CodeIgniter->handleRequest()
11 SYSTEMPATH/Boot.php(334): CodeIgniter\CodeIgniter->run()
12 SYSTEMPATH/Boot.php(67): CodeIgniter\Boot::runCodeIgniter()
13 FCPATH/index.php(66): CodeIgniter\Boot::bootWeb()
14 SYSTEMPATH/rewrite.php(44): require_once('/home/mandresy-ranohavison/Documents/Projets/php/cepeProject/back/public/index.php')
CRITICAL - 2025-03-22 11:56:28 --> [Caused by] mysqli_sql_exception: Cannot add or update a child row: a foreign key constraint fails (`cepeCodeigniter`.`ELEVE`, CONSTRAINT `ELEVE_numEcole_foreign` FOREIGN KEY (`numEcole`) REFERENCES `ECOLE` (`numEcole`) ON DELETE CASCADE ON UPDATE CASCADE)
in SYSTEMPATH/Database/MySQLi/Connection.php on line 327.
 1 SYSTEMPATH/Database/MySQLi/Connection.php(327): mysqli->query()
 2 SYSTEMPATH/Database/BaseConnection.php(738): CodeIgniter\Database\MySQLi\Connection->execute()
 3 SYSTEMPATH/Database/BaseConnection.php(652): CodeIgniter\Database\BaseConnection->simpleQuery()
 4 SYSTEMPATH/Database/BaseBuilder.php(2345): CodeIgniter\Database\BaseConnection->query()
 5 SYSTEMPATH/Model.php(394): CodeIgniter\Database\BaseBuilder->insert()
 6 SYSTEMPATH/BaseModel.php(839): CodeIgniter\Model->doInsert()
 7 SYSTEMPATH/Model.php(800): CodeIgniter\BaseModel->insert()
 8 APPPATH/Controllers/ApiController.php(108): CodeIgniter\Model->insert()
 9 SYSTEMPATH/CodeIgniter.php(933): App\Controllers\ApiController->createEleve()
10 SYSTEMPATH/CodeIgniter.php(507): CodeIgniter\CodeIgniter->runController()
11 SYSTEMPATH/CodeIgniter.php(354): CodeIgniter\CodeIgniter->handleRequest()
12 SYSTEMPATH/Boot.php(334): CodeIgniter\CodeIgniter->run()
13 SYSTEMPATH/Boot.php(67): CodeIgniter\Boot::runCodeIgniter()
14 FCPATH/index.php(66): CodeIgniter\Boot::bootWeb()
15 SYSTEMPATH/rewrite.php(44): require_once('/home/mandresy-ranohavison/Documents/Projets/php/cepeProject/back/public/index.php')
ERROR - 2025-03-22 11:57:48 --> mysqli_sql_exception: Cannot add or update a child row: a foreign key constraint fails (`cepeCodeigniter`.`ELEVE`, CONSTRAINT `ELEVE_numEcole_foreign` FOREIGN KEY (`numEcole`) REFERENCES `ECOLE` (`numEcole`) ON DELETE CASCADE ON UPDATE CASCADE) in /home/mandresy-ranohavison/Documents/Projets/php/cepeProject/back/vendor/codeigniter4/framework/system/Database/MySQLi/Connection.php:327
Stack trace:
#0 /home/mandresy-ranohavison/Documents/Projets/php/cepeProject/back/vendor/codeigniter4/framework/system/Database/MySQLi/Connection.php(327): mysqli->query()
#1 /home/mandresy-ranohavison/Documents/Projets/php/cepeProject/back/vendor/codeigniter4/framework/system/Database/BaseConnection.php(738): CodeIgniter\Database\MySQLi\Connection->execute()
#2 /home/mandresy-ranohavison/Documents/Projets/php/cepeProject/back/vendor/codeigniter4/framework/system/Database/BaseConnection.php(652): CodeIgniter\Database\BaseConnection->simpleQuery()
#3 /home/mandresy-ranohavison/Documents/Projets/php/cepeProject/back/vendor/codeigniter4/framework/system/Database/BaseBuilder.php(2345): CodeIgniter\Database\BaseConnection->query()
#4 /home/mandresy-ranohavison/Documents/Projets/php/cepeProject/back/vendor/codeigniter4/framework/system/Model.php(394): CodeIgniter\Database\BaseBuilder->insert()
#5 /home/mandresy-ranohavison/Documents/Projets/php/cepeProject/back/vendor/codeigniter4/framework/system/BaseModel.php(839): CodeIgniter\Model->doInsert()
#6 /home/mandresy-ranohavison/Documents/Projets/php/cepeProject/back/vendor/codeigniter4/framework/system/Model.php(800): CodeIgniter\BaseModel->insert()
#7 /home/mandresy-ranohavison/Documents/Projets/php/cepeProject/back/app/Controllers/ApiController.php(108): CodeIgniter\Model->insert()
#8 /home/mandresy-ranohavison/Documents/Projets/php/cepeProject/back/vendor/codeigniter4/framework/system/CodeIgniter.php(933): App\Controllers\ApiController->createEleve()
#9 /home/mandresy-ranohavison/Documents/Projets/php/cepeProject/back/vendor/codeigniter4/framework/system/CodeIgniter.php(507): CodeIgniter\CodeIgniter->runController()
#10 /home/mandresy-ranohavison/Documents/Projets/php/cepeProject/back/vendor/codeigniter4/framework/system/CodeIgniter.php(354): CodeIgniter\CodeIgniter->handleRequest()
#11 /home/mandresy-ranohavison/Documents/Projets/php/cepeProject/back/vendor/codeigniter4/framework/system/Boot.php(334): CodeIgniter\CodeIgniter->run()
#12 /home/mandresy-ranohavison/Documents/Projets/php/cepeProject/back/vendor/codeigniter4/framework/system/Boot.php(67): CodeIgniter\Boot::runCodeIgniter()
#13 /home/mandresy-ranohavison/Documents/Projets/php/cepeProject/back/public/index.php(66): CodeIgniter\Boot::bootWeb()
#14 /home/mandresy-ranohavison/Documents/Projets/php/cepeProject/back/vendor/codeigniter4/framework/system/rewrite.php(44): require_once('...')
#15 {main}
CRITICAL - 2025-03-22 11:57:48 --> CodeIgniter\Database\Exceptions\DatabaseException: Cannot add or update a child row: a foreign key constraint fails (`cepeCodeigniter`.`ELEVE`, CONSTRAINT `ELEVE_numEcole_foreign` FOREIGN KEY (`numEcole`) REFERENCES `ECOLE` (`numEcole`) ON DELETE CASCADE ON UPDATE CASCADE)
[Method: POST, Route: api/eleve/create]
in SYSTEMPATH/Database/BaseConnection.php on line 692.
 1 SYSTEMPATH/Database/BaseBuilder.php(2345): CodeIgniter\Database\BaseConnection->query()
 2 SYSTEMPATH/Model.php(394): CodeIgniter\Database\BaseBuilder->insert()
 3 SYSTEMPATH/BaseModel.php(839): CodeIgniter\Model->doInsert()
 4 SYSTEMPATH/Model.php(800): CodeIgniter\BaseModel->insert()
 5 APPPATH/Controllers/ApiController.php(108): CodeIgniter\Model->insert()
 6 SYSTEMPATH/CodeIgniter.php(933): App\Controllers\ApiController->createEleve()
 7 SYSTEMPATH/CodeIgniter.php(507): CodeIgniter\CodeIgniter->runController()
 8 SYSTEMPATH/CodeIgniter.php(354): CodeIgniter\CodeIgniter->handleRequest()
 9 SYSTEMPATH/Boot.php(334): CodeIgniter\CodeIgniter->run()
10 SYSTEMPATH/Boot.php(67): CodeIgniter\Boot::runCodeIgniter()
11 FCPATH/index.php(66): CodeIgniter\Boot::bootWeb()
12 SYSTEMPATH/rewrite.php(44): require_once('/home/mandresy-ranohavison/Documents/Projets/php/cepeProject/back/public/index.php')
CRITICAL - 2025-03-22 11:57:48 --> [Caused by] CodeIgniter\Database\Exceptions\DatabaseException: Cannot add or update a child row: a foreign key constraint fails (`cepeCodeigniter`.`ELEVE`, CONSTRAINT `ELEVE_numEcole_foreign` FOREIGN KEY (`numEcole`) REFERENCES `ECOLE` (`numEcole`) ON DELETE CASCADE ON UPDATE CASCADE)
in SYSTEMPATH/Database/MySQLi/Connection.php on line 332.
 1 SYSTEMPATH/Database/BaseConnection.php(738): CodeIgniter\Database\MySQLi\Connection->execute()
 2 SYSTEMPATH/Database/BaseConnection.php(652): CodeIgniter\Database\BaseConnection->simpleQuery()
 3 SYSTEMPATH/Database/BaseBuilder.php(2345): CodeIgniter\Database\BaseConnection->query()
 4 SYSTEMPATH/Model.php(394): CodeIgniter\Database\BaseBuilder->insert()
 5 SYSTEMPATH/BaseModel.php(839): CodeIgniter\Model->doInsert()
 6 SYSTEMPATH/Model.php(800): CodeIgniter\BaseModel->insert()
 7 APPPATH/Controllers/ApiController.php(108): CodeIgniter\Model->insert()
 8 SYSTEMPATH/CodeIgniter.php(933): App\Controllers\ApiController->createEleve()
 9 SYSTEMPATH/CodeIgniter.php(507): CodeIgniter\CodeIgniter->runController()
10 SYSTEMPATH/CodeIgniter.php(354): CodeIgniter\CodeIgniter->handleRequest()
11 SYSTEMPATH/Boot.php(334): CodeIgniter\CodeIgniter->run()
12 SYSTEMPATH/Boot.php(67): CodeIgniter\Boot::runCodeIgniter()
13 FCPATH/index.php(66): CodeIgniter\Boot::bootWeb()
14 SYSTEMPATH/rewrite.php(44): require_once('/home/mandresy-ranohavison/Documents/Projets/php/cepeProject/back/public/index.php')
CRITICAL - 2025-03-22 11:57:48 --> [Caused by] mysqli_sql_exception: Cannot add or update a child row: a foreign key constraint fails (`cepeCodeigniter`.`ELEVE`, CONSTRAINT `ELEVE_numEcole_foreign` FOREIGN KEY (`numEcole`) REFERENCES `ECOLE` (`numEcole`) ON DELETE CASCADE ON UPDATE CASCADE)
in SYSTEMPATH/Database/MySQLi/Connection.php on line 327.
 1 SYSTEMPATH/Database/MySQLi/Connection.php(327): mysqli->query()
 2 SYSTEMPATH/Database/BaseConnection.php(738): CodeIgniter\Database\MySQLi\Connection->execute()
 3 SYSTEMPATH/Database/BaseConnection.php(652): CodeIgniter\Database\BaseConnection->simpleQuery()
 4 SYSTEMPATH/Database/BaseBuilder.php(2345): CodeIgniter\Database\BaseConnection->query()
 5 SYSTEMPATH/Model.php(394): CodeIgniter\Database\BaseBuilder->insert()
 6 SYSTEMPATH/BaseModel.php(839): CodeIgniter\Model->doInsert()
 7 SYSTEMPATH/Model.php(800): CodeIgniter\BaseModel->insert()
 8 APPPATH/Controllers/ApiController.php(108): CodeIgniter\Model->insert()
 9 SYSTEMPATH/CodeIgniter.php(933): App\Controllers\ApiController->createEleve()
10 SYSTEMPATH/CodeIgniter.php(507): CodeIgniter\CodeIgniter->runController()
11 SYSTEMPATH/CodeIgniter.php(354): CodeIgniter\CodeIgniter->handleRequest()
12 SYSTEMPATH/Boot.php(334): CodeIgniter\CodeIgniter->run()
13 SYSTEMPATH/Boot.php(67): CodeIgniter\Boot::runCodeIgniter()
14 FCPATH/index.php(66): CodeIgniter\Boot::bootWeb()
15 SYSTEMPATH/rewrite.php(44): require_once('/home/mandresy-ranohavison/Documents/Projets/php/cepeProject/back/public/index.php')
ERROR - 2025-03-22 11:59:23 --> mysqli_sql_exception: Duplicate entry '' for key 'ELEVE.PRIMARY' in /home/mandresy-ranohavison/Documents/Projets/php/cepeProject/back/vendor/codeigniter4/framework/system/Database/MySQLi/Connection.php:327
Stack trace:
#0 /home/mandresy-ranohavison/Documents/Projets/php/cepeProject/back/vendor/codeigniter4/framework/system/Database/MySQLi/Connection.php(327): mysqli->query()
#1 /home/mandresy-ranohavison/Documents/Projets/php/cepeProject/back/vendor/codeigniter4/framework/system/Database/BaseConnection.php(738): CodeIgniter\Database\MySQLi\Connection->execute()
#2 /home/mandresy-ranohavison/Documents/Projets/php/cepeProject/back/vendor/codeigniter4/framework/system/Database/BaseConnection.php(652): CodeIgniter\Database\BaseConnection->simpleQuery()
#3 /home/mandresy-ranohavison/Documents/Projets/php/cepeProject/back/vendor/codeigniter4/framework/system/Database/BaseBuilder.php(2345): CodeIgniter\Database\BaseConnection->query()
#4 /home/mandresy-ranohavison/Documents/Projets/php/cepeProject/back/vendor/codeigniter4/framework/system/Model.php(394): CodeIgniter\Database\BaseBuilder->insert()
#5 /home/mandresy-ranohavison/Documents/Projets/php/cepeProject/back/vendor/codeigniter4/framework/system/BaseModel.php(839): CodeIgniter\Model->doInsert()
#6 /home/mandresy-ranohavison/Documents/Projets/php/cepeProject/back/vendor/codeigniter4/framework/system/Model.php(800): CodeIgniter\BaseModel->insert()
#7 /home/mandresy-ranohavison/Documents/Projets/php/cepeProject/back/app/Controllers/ApiController.php(108): CodeIgniter\Model->insert()
#8 /home/mandresy-ranohavison/Documents/Projets/php/cepeProject/back/vendor/codeigniter4/framework/system/CodeIgniter.php(933): App\Controllers\ApiController->createEleve()
#9 /home/mandresy-ranohavison/Documents/Projets/php/cepeProject/back/vendor/codeigniter4/framework/system/CodeIgniter.php(507): CodeIgniter\CodeIgniter->runController()
#10 /home/mandresy-ranohavison/Documents/Projets/php/cepeProject/back/vendor/codeigniter4/framework/system/CodeIgniter.php(354): CodeIgniter\CodeIgniter->handleRequest()
#11 /home/mandresy-ranohavison/Documents/Projets/php/cepeProject/back/vendor/codeigniter4/framework/system/Boot.php(334): CodeIgniter\CodeIgniter->run()
#12 /home/mandresy-ranohavison/Documents/Projets/php/cepeProject/back/vendor/codeigniter4/framework/system/Boot.php(67): CodeIgniter\Boot::runCodeIgniter()
#13 /home/mandresy-ranohavison/Documents/Projets/php/cepeProject/back/public/index.php(66): CodeIgniter\Boot::bootWeb()
#14 /home/mandresy-ranohavison/Documents/Projets/php/cepeProject/back/vendor/codeigniter4/framework/system/rewrite.php(44): require_once('...')
#15 {main}
CRITICAL - 2025-03-22 11:59:23 --> CodeIgniter\Database\Exceptions\DatabaseException: Duplicate entry '' for key 'ELEVE.PRIMARY'
[Method: POST, Route: api/eleve/create]
in SYSTEMPATH/Database/BaseConnection.php on line 692.
 1 SYSTEMPATH/Database/BaseBuilder.php(2345): CodeIgniter\Database\BaseConnection->query()
 2 SYSTEMPATH/Model.php(394): CodeIgniter\Database\BaseBuilder->insert()
 3 SYSTEMPATH/BaseModel.php(839): CodeIgniter\Model->doInsert()
 4 SYSTEMPATH/Model.php(800): CodeIgniter\BaseModel->insert()
 5 APPPATH/Controllers/ApiController.php(108): CodeIgniter\Model->insert()
 6 SYSTEMPATH/CodeIgniter.php(933): App\Controllers\ApiController->createEleve()
 7 SYSTEMPATH/CodeIgniter.php(507): CodeIgniter\CodeIgniter->runController()
 8 SYSTEMPATH/CodeIgniter.php(354): CodeIgniter\CodeIgniter->handleRequest()
 9 SYSTEMPATH/Boot.php(334): CodeIgniter\CodeIgniter->run()
10 SYSTEMPATH/Boot.php(67): CodeIgniter\Boot::runCodeIgniter()
11 FCPATH/index.php(66): CodeIgniter\Boot::bootWeb()
12 SYSTEMPATH/rewrite.php(44): require_once('/home/mandresy-ranohavison/Documents/Projets/php/cepeProject/back/public/index.php')
CRITICAL - 2025-03-22 11:59:23 --> [Caused by] CodeIgniter\Database\Exceptions\DatabaseException: Duplicate entry '' for key 'ELEVE.PRIMARY'
in SYSTEMPATH/Database/MySQLi/Connection.php on line 332.
 1 SYSTEMPATH/Database/BaseConnection.php(738): CodeIgniter\Database\MySQLi\Connection->execute()
 2 SYSTEMPATH/Database/BaseConnection.php(652): CodeIgniter\Database\BaseConnection->simpleQuery()
 3 SYSTEMPATH/Database/BaseBuilder.php(2345): CodeIgniter\Database\BaseConnection->query()
 4 SYSTEMPATH/Model.php(394): CodeIgniter\Database\BaseBuilder->insert()
 5 SYSTEMPATH/BaseModel.php(839): CodeIgniter\Model->doInsert()
 6 SYSTEMPATH/Model.php(800): CodeIgniter\BaseModel->insert()
 7 APPPATH/Controllers/ApiController.php(108): CodeIgniter\Model->insert()
 8 SYSTEMPATH/CodeIgniter.php(933): App\Controllers\ApiController->createEleve()
 9 SYSTEMPATH/CodeIgniter.php(507): CodeIgniter\CodeIgniter->runController()
10 SYSTEMPATH/CodeIgniter.php(354): CodeIgniter\CodeIgniter->handleRequest()
11 SYSTEMPATH/Boot.php(334): CodeIgniter\CodeIgniter->run()
12 SYSTEMPATH/Boot.php(67): CodeIgniter\Boot::runCodeIgniter()
13 FCPATH/index.php(66): CodeIgniter\Boot::bootWeb()
14 SYSTEMPATH/rewrite.php(44): require_once('/home/mandresy-ranohavison/Documents/Projets/php/cepeProject/back/public/index.php')
CRITICAL - 2025-03-22 11:59:23 --> [Caused by] mysqli_sql_exception: Duplicate entry '' for key 'ELEVE.PRIMARY'
in SYSTEMPATH/Database/MySQLi/Connection.php on line 327.
 1 SYSTEMPATH/Database/MySQLi/Connection.php(327): mysqli->query()
 2 SYSTEMPATH/Database/BaseConnection.php(738): CodeIgniter\Database\MySQLi\Connection->execute()
 3 SYSTEMPATH/Database/BaseConnection.php(652): CodeIgniter\Database\BaseConnection->simpleQuery()
 4 SYSTEMPATH/Database/BaseBuilder.php(2345): CodeIgniter\Database\BaseConnection->query()
 5 SYSTEMPATH/Model.php(394): CodeIgniter\Database\BaseBuilder->insert()
 6 SYSTEMPATH/BaseModel.php(839): CodeIgniter\Model->doInsert()
 7 SYSTEMPATH/Model.php(800): CodeIgniter\BaseModel->insert()
 8 APPPATH/Controllers/ApiController.php(108): CodeIgniter\Model->insert()
 9 SYSTEMPATH/CodeIgniter.php(933): App\Controllers\ApiController->createEleve()
10 SYSTEMPATH/CodeIgniter.php(507): CodeIgniter\CodeIgniter->runController()
11 SYSTEMPATH/CodeIgniter.php(354): CodeIgniter\CodeIgniter->handleRequest()
12 SYSTEMPATH/Boot.php(334): CodeIgniter\CodeIgniter->run()
13 SYSTEMPATH/Boot.php(67): CodeIgniter\Boot::runCodeIgniter()
14 FCPATH/index.php(66): CodeIgniter\Boot::bootWeb()
15 SYSTEMPATH/rewrite.php(44): require_once('/home/mandresy-ranohavison/Documents/Projets/php/cepeProject/back/public/index.php')
ERROR - 2025-03-22 11:59:54 --> mysqli_sql_exception: Duplicate entry '' for key 'ELEVE.PRIMARY' in /home/mandresy-ranohavison/Documents/Projets/php/cepeProject/back/vendor/codeigniter4/framework/system/Database/MySQLi/Connection.php:327
Stack trace:
#0 /home/mandresy-ranohavison/Documents/Projets/php/cepeProject/back/vendor/codeigniter4/framework/system/Database/MySQLi/Connection.php(327): mysqli->query()
#1 /home/mandresy-ranohavison/Documents/Projets/php/cepeProject/back/vendor/codeigniter4/framework/system/Database/BaseConnection.php(738): CodeIgniter\Database\MySQLi\Connection->execute()
#2 /home/mandresy-ranohavison/Documents/Projets/php/cepeProject/back/vendor/codeigniter4/framework/system/Database/BaseConnection.php(652): CodeIgniter\Database\BaseConnection->simpleQuery()
#3 /home/mandresy-ranohavison/Documents/Projets/php/cepeProject/back/vendor/codeigniter4/framework/system/Database/BaseBuilder.php(2345): CodeIgniter\Database\BaseConnection->query()
#4 /home/mandresy-ranohavison/Documents/Projets/php/cepeProject/back/vendor/codeigniter4/framework/system/Model.php(394): CodeIgniter\Database\BaseBuilder->insert()
#5 /home/mandresy-ranohavison/Documents/Projets/php/cepeProject/back/vendor/codeigniter4/framework/system/BaseModel.php(839): CodeIgniter\Model->doInsert()
#6 /home/mandresy-ranohavison/Documents/Projets/php/cepeProject/back/vendor/codeigniter4/framework/system/Model.php(800): CodeIgniter\BaseModel->insert()
#7 /home/mandresy-ranohavison/Documents/Projets/php/cepeProject/back/app/Controllers/ApiController.php(108): CodeIgniter\Model->insert()
#8 /home/mandresy-ranohavison/Documents/Projets/php/cepeProject/back/vendor/codeigniter4/framework/system/CodeIgniter.php(933): App\Controllers\ApiController->createEleve()
#9 /home/mandresy-ranohavison/Documents/Projets/php/cepeProject/back/vendor/codeigniter4/framework/system/CodeIgniter.php(507): CodeIgniter\CodeIgniter->runController()
#10 /home/mandresy-ranohavison/Documents/Projets/php/cepeProject/back/vendor/codeigniter4/framework/system/CodeIgniter.php(354): CodeIgniter\CodeIgniter->handleRequest()
#11 /home/mandresy-ranohavison/Documents/Projets/php/cepeProject/back/vendor/codeigniter4/framework/system/Boot.php(334): CodeIgniter\CodeIgniter->run()
#12 /home/mandresy-ranohavison/Documents/Projets/php/cepeProject/back/vendor/codeigniter4/framework/system/Boot.php(67): CodeIgniter\Boot::runCodeIgniter()
#13 /home/mandresy-ranohavison/Documents/Projets/php/cepeProject/back/public/index.php(66): CodeIgniter\Boot::bootWeb()
#14 /home/mandresy-ranohavison/Documents/Projets/php/cepeProject/back/vendor/codeigniter4/framework/system/rewrite.php(44): require_once('...')
#15 {main}
CRITICAL - 2025-03-22 11:59:54 --> CodeIgniter\Database\Exceptions\DatabaseException: Duplicate entry '' for key 'ELEVE.PRIMARY'
[Method: POST, Route: api/eleve/create]
in SYSTEMPATH/Database/BaseConnection.php on line 692.
 1 SYSTEMPATH/Database/BaseBuilder.php(2345): CodeIgniter\Database\BaseConnection->query()
 2 SYSTEMPATH/Model.php(394): CodeIgniter\Database\BaseBuilder->insert()
 3 SYSTEMPATH/BaseModel.php(839): CodeIgniter\Model->doInsert()
 4 SYSTEMPATH/Model.php(800): CodeIgniter\BaseModel->insert()
 5 APPPATH/Controllers/ApiController.php(108): CodeIgniter\Model->insert()
 6 SYSTEMPATH/CodeIgniter.php(933): App\Controllers\ApiController->createEleve()
 7 SYSTEMPATH/CodeIgniter.php(507): CodeIgniter\CodeIgniter->runController()
 8 SYSTEMPATH/CodeIgniter.php(354): CodeIgniter\CodeIgniter->handleRequest()
 9 SYSTEMPATH/Boot.php(334): CodeIgniter\CodeIgniter->run()
10 SYSTEMPATH/Boot.php(67): CodeIgniter\Boot::runCodeIgniter()
11 FCPATH/index.php(66): CodeIgniter\Boot::bootWeb()
12 SYSTEMPATH/rewrite.php(44): require_once('/home/mandresy-ranohavison/Documents/Projets/php/cepeProject/back/public/index.php')
CRITICAL - 2025-03-22 11:59:54 --> [Caused by] CodeIgniter\Database\Exceptions\DatabaseException: Duplicate entry '' for key 'ELEVE.PRIMARY'
in SYSTEMPATH/Database/MySQLi/Connection.php on line 332.
 1 SYSTEMPATH/Database/BaseConnection.php(738): CodeIgniter\Database\MySQLi\Connection->execute()
 2 SYSTEMPATH/Database/BaseConnection.php(652): CodeIgniter\Database\BaseConnection->simpleQuery()
 3 SYSTEMPATH/Database/BaseBuilder.php(2345): CodeIgniter\Database\BaseConnection->query()
 4 SYSTEMPATH/Model.php(394): CodeIgniter\Database\BaseBuilder->insert()
 5 SYSTEMPATH/BaseModel.php(839): CodeIgniter\Model->doInsert()
 6 SYSTEMPATH/Model.php(800): CodeIgniter\BaseModel->insert()
 7 APPPATH/Controllers/ApiController.php(108): CodeIgniter\Model->insert()
 8 SYSTEMPATH/CodeIgniter.php(933): App\Controllers\ApiController->createEleve()
 9 SYSTEMPATH/CodeIgniter.php(507): CodeIgniter\CodeIgniter->runController()
10 SYSTEMPATH/CodeIgniter.php(354): CodeIgniter\CodeIgniter->handleRequest()
11 SYSTEMPATH/Boot.php(334): CodeIgniter\CodeIgniter->run()
12 SYSTEMPATH/Boot.php(67): CodeIgniter\Boot::runCodeIgniter()
13 FCPATH/index.php(66): CodeIgniter\Boot::bootWeb()
14 SYSTEMPATH/rewrite.php(44): require_once('/home/mandresy-ranohavison/Documents/Projets/php/cepeProject/back/public/index.php')
CRITICAL - 2025-03-22 11:59:54 --> [Caused by] mysqli_sql_exception: Duplicate entry '' for key 'ELEVE.PRIMARY'
in SYSTEMPATH/Database/MySQLi/Connection.php on line 327.
 1 SYSTEMPATH/Database/MySQLi/Connection.php(327): mysqli->query()
 2 SYSTEMPATH/Database/BaseConnection.php(738): CodeIgniter\Database\MySQLi\Connection->execute()
 3 SYSTEMPATH/Database/BaseConnection.php(652): CodeIgniter\Database\BaseConnection->simpleQuery()
 4 SYSTEMPATH/Database/BaseBuilder.php(2345): CodeIgniter\Database\BaseConnection->query()
 5 SYSTEMPATH/Model.php(394): CodeIgniter\Database\BaseBuilder->insert()
 6 SYSTEMPATH/BaseModel.php(839): CodeIgniter\Model->doInsert()
 7 SYSTEMPATH/Model.php(800): CodeIgniter\BaseModel->insert()
 8 APPPATH/Controllers/ApiController.php(108): CodeIgniter\Model->insert()
 9 SYSTEMPATH/CodeIgniter.php(933): App\Controllers\ApiController->createEleve()
10 SYSTEMPATH/CodeIgniter.php(507): CodeIgniter\CodeIgniter->runController()
11 SYSTEMPATH/CodeIgniter.php(354): CodeIgniter\CodeIgniter->handleRequest()
12 SYSTEMPATH/Boot.php(334): CodeIgniter\CodeIgniter->run()
13 SYSTEMPATH/Boot.php(67): CodeIgniter\Boot::runCodeIgniter()
14 FCPATH/index.php(66): CodeIgniter\Boot::bootWeb()
15 SYSTEMPATH/rewrite.php(44): require_once('/home/mandresy-ranohavison/Documents/Projets/php/cepeProject/back/public/index.php')
ERROR - 2025-03-22 12:00:46 --> mysqli_sql_exception: Duplicate entry '' for key 'ELEVE.PRIMARY' in /home/mandresy-ranohavison/Documents/Projets/php/cepeProject/back/vendor/codeigniter4/framework/system/Database/MySQLi/Connection.php:327
Stack trace:
#0 /home/mandresy-ranohavison/Documents/Projets/php/cepeProject/back/vendor/codeigniter4/framework/system/Database/MySQLi/Connection.php(327): mysqli->query()
#1 /home/mandresy-ranohavison/Documents/Projets/php/cepeProject/back/vendor/codeigniter4/framework/system/Database/BaseConnection.php(738): CodeIgniter\Database\MySQLi\Connection->execute()
#2 /home/mandresy-ranohavison/Documents/Projets/php/cepeProject/back/vendor/codeigniter4/framework/system/Database/BaseConnection.php(652): CodeIgniter\Database\BaseConnection->simpleQuery()
#3 /home/mandresy-ranohavison/Documents/Projets/php/cepeProject/back/vendor/codeigniter4/framework/system/Database/BaseBuilder.php(2345): CodeIgniter\Database\BaseConnection->query()
#4 /home/mandresy-ranohavison/Documents/Projets/php/cepeProject/back/vendor/codeigniter4/framework/system/Model.php(394): CodeIgniter\Database\BaseBuilder->insert()
#5 /home/mandresy-ranohavison/Documents/Projets/php/cepeProject/back/vendor/codeigniter4/framework/system/BaseModel.php(839): CodeIgniter\Model->doInsert()
#6 /home/mandresy-ranohavison/Documents/Projets/php/cepeProject/back/vendor/codeigniter4/framework/system/Model.php(800): CodeIgniter\BaseModel->insert()
#7 /home/mandresy-ranohavison/Documents/Projets/php/cepeProject/back/app/Controllers/ApiController.php(108): CodeIgniter\Model->insert()
#8 /home/mandresy-ranohavison/Documents/Projets/php/cepeProject/back/vendor/codeigniter4/framework/system/CodeIgniter.php(933): App\Controllers\ApiController->createEleve()
#9 /home/mandresy-ranohavison/Documents/Projets/php/cepeProject/back/vendor/codeigniter4/framework/system/CodeIgniter.php(507): CodeIgniter\CodeIgniter->runController()
#10 /home/mandresy-ranohavison/Documents/Projets/php/cepeProject/back/vendor/codeigniter4/framework/system/CodeIgniter.php(354): CodeIgniter\CodeIgniter->handleRequest()
#11 /home/mandresy-ranohavison/Documents/Projets/php/cepeProject/back/vendor/codeigniter4/framework/system/Boot.php(334): CodeIgniter\CodeIgniter->run()
#12 /home/mandresy-ranohavison/Documents/Projets/php/cepeProject/back/vendor/codeigniter4/framework/system/Boot.php(67): CodeIgniter\Boot::runCodeIgniter()
#13 /home/mandresy-ranohavison/Documents/Projets/php/cepeProject/back/public/index.php(66): CodeIgniter\Boot::bootWeb()
#14 /home/mandresy-ranohavison/Documents/Projets/php/cepeProject/back/vendor/codeigniter4/framework/system/rewrite.php(44): require_once('...')
#15 {main}
CRITICAL - 2025-03-22 12:00:46 --> CodeIgniter\Database\Exceptions\DatabaseException: Duplicate entry '' for key 'ELEVE.PRIMARY'
[Method: POST, Route: api/eleve/create]
in SYSTEMPATH/Database/BaseConnection.php on line 692.
 1 SYSTEMPATH/Database/BaseBuilder.php(2345): CodeIgniter\Database\BaseConnection->query()
 2 SYSTEMPATH/Model.php(394): CodeIgniter\Database\BaseBuilder->insert()
 3 SYSTEMPATH/BaseModel.php(839): CodeIgniter\Model->doInsert()
 4 SYSTEMPATH/Model.php(800): CodeIgniter\BaseModel->insert()
 5 APPPATH/Controllers/ApiController.php(108): CodeIgniter\Model->insert()
 6 SYSTEMPATH/CodeIgniter.php(933): App\Controllers\ApiController->createEleve()
 7 SYSTEMPATH/CodeIgniter.php(507): CodeIgniter\CodeIgniter->runController()
 8 SYSTEMPATH/CodeIgniter.php(354): CodeIgniter\CodeIgniter->handleRequest()
 9 SYSTEMPATH/Boot.php(334): CodeIgniter\CodeIgniter->run()
10 SYSTEMPATH/Boot.php(67): CodeIgniter\Boot::runCodeIgniter()
11 FCPATH/index.php(66): CodeIgniter\Boot::bootWeb()
12 SYSTEMPATH/rewrite.php(44): require_once('/home/mandresy-ranohavison/Documents/Projets/php/cepeProject/back/public/index.php')
CRITICAL - 2025-03-22 12:00:46 --> [Caused by] CodeIgniter\Database\Exceptions\DatabaseException: Duplicate entry '' for key 'ELEVE.PRIMARY'
in SYSTEMPATH/Database/MySQLi/Connection.php on line 332.
 1 SYSTEMPATH/Database/BaseConnection.php(738): CodeIgniter\Database\MySQLi\Connection->execute()
 2 SYSTEMPATH/Database/BaseConnection.php(652): CodeIgniter\Database\BaseConnection->simpleQuery()
 3 SYSTEMPATH/Database/BaseBuilder.php(2345): CodeIgniter\Database\BaseConnection->query()
 4 SYSTEMPATH/Model.php(394): CodeIgniter\Database\BaseBuilder->insert()
 5 SYSTEMPATH/BaseModel.php(839): CodeIgniter\Model->doInsert()
 6 SYSTEMPATH/Model.php(800): CodeIgniter\BaseModel->insert()
 7 APPPATH/Controllers/ApiController.php(108): CodeIgniter\Model->insert()
 8 SYSTEMPATH/CodeIgniter.php(933): App\Controllers\ApiController->createEleve()
 9 SYSTEMPATH/CodeIgniter.php(507): CodeIgniter\CodeIgniter->runController()
10 SYSTEMPATH/CodeIgniter.php(354): CodeIgniter\CodeIgniter->handleRequest()
11 SYSTEMPATH/Boot.php(334): CodeIgniter\CodeIgniter->run()
12 SYSTEMPATH/Boot.php(67): CodeIgniter\Boot::runCodeIgniter()
13 FCPATH/index.php(66): CodeIgniter\Boot::bootWeb()
14 SYSTEMPATH/rewrite.php(44): require_once('/home/mandresy-ranohavison/Documents/Projets/php/cepeProject/back/public/index.php')
CRITICAL - 2025-03-22 12:00:46 --> [Caused by] mysqli_sql_exception: Duplicate entry '' for key 'ELEVE.PRIMARY'
in SYSTEMPATH/Database/MySQLi/Connection.php on line 327.
 1 SYSTEMPATH/Database/MySQLi/Connection.php(327): mysqli->query()
 2 SYSTEMPATH/Database/BaseConnection.php(738): CodeIgniter\Database\MySQLi\Connection->execute()
 3 SYSTEMPATH/Database/BaseConnection.php(652): CodeIgniter\Database\BaseConnection->simpleQuery()
 4 SYSTEMPATH/Database/BaseBuilder.php(2345): CodeIgniter\Database\BaseConnection->query()
 5 SYSTEMPATH/Model.php(394): CodeIgniter\Database\BaseBuilder->insert()
 6 SYSTEMPATH/BaseModel.php(839): CodeIgniter\Model->doInsert()
 7 SYSTEMPATH/Model.php(800): CodeIgniter\BaseModel->insert()
 8 APPPATH/Controllers/ApiController.php(108): CodeIgniter\Model->insert()
 9 SYSTEMPATH/CodeIgniter.php(933): App\Controllers\ApiController->createEleve()
10 SYSTEMPATH/CodeIgniter.php(507): CodeIgniter\CodeIgniter->runController()
11 SYSTEMPATH/CodeIgniter.php(354): CodeIgniter\CodeIgniter->handleRequest()
12 SYSTEMPATH/Boot.php(334): CodeIgniter\CodeIgniter->run()
13 SYSTEMPATH/Boot.php(67): CodeIgniter\Boot::runCodeIgniter()
14 FCPATH/index.php(66): CodeIgniter\Boot::bootWeb()
15 SYSTEMPATH/rewrite.php(44): require_once('/home/mandresy-ranohavison/Documents/Projets/php/cepeProject/back/public/index.php')
ERROR - 2025-03-22 12:02:05 --> mysqli_sql_exception: Duplicate entry '' for key 'ELEVE.PRIMARY' in /home/mandresy-ranohavison/Documents/Projets/php/cepeProject/back/vendor/codeigniter4/framework/system/Database/MySQLi/Connection.php:327
Stack trace:
#0 /home/mandresy-ranohavison/Documents/Projets/php/cepeProject/back/vendor/codeigniter4/framework/system/Database/MySQLi/Connection.php(327): mysqli->query()
#1 /home/mandresy-ranohavison/Documents/Projets/php/cepeProject/back/vendor/codeigniter4/framework/system/Database/BaseConnection.php(738): CodeIgniter\Database\MySQLi\Connection->execute()
#2 /home/mandresy-ranohavison/Documents/Projets/php/cepeProject/back/vendor/codeigniter4/framework/system/Database/BaseConnection.php(652): CodeIgniter\Database\BaseConnection->simpleQuery()
#3 /home/mandresy-ranohavison/Documents/Projets/php/cepeProject/back/vendor/codeigniter4/framework/system/Database/BaseBuilder.php(2345): CodeIgniter\Database\BaseConnection->query()
#4 /home/mandresy-ranohavison/Documents/Projets/php/cepeProject/back/vendor/codeigniter4/framework/system/Model.php(394): CodeIgniter\Database\BaseBuilder->insert()
#5 /home/mandresy-ranohavison/Documents/Projets/php/cepeProject/back/vendor/codeigniter4/framework/system/BaseModel.php(839): CodeIgniter\Model->doInsert()
#6 /home/mandresy-ranohavison/Documents/Projets/php/cepeProject/back/vendor/codeigniter4/framework/system/Model.php(800): CodeIgniter\BaseModel->insert()
#7 /home/mandresy-ranohavison/Documents/Projets/php/cepeProject/back/app/Controllers/ApiController.php(108): CodeIgniter\Model->insert()
#8 /home/mandresy-ranohavison/Documents/Projets/php/cepeProject/back/vendor/codeigniter4/framework/system/CodeIgniter.php(933): App\Controllers\ApiController->createEleve()
#9 /home/mandresy-ranohavison/Documents/Projets/php/cepeProject/back/vendor/codeigniter4/framework/system/CodeIgniter.php(507): CodeIgniter\CodeIgniter->runController()
#10 /home/mandresy-ranohavison/Documents/Projets/php/cepeProject/back/vendor/codeigniter4/framework/system/CodeIgniter.php(354): CodeIgniter\CodeIgniter->handleRequest()
#11 /home/mandresy-ranohavison/Documents/Projets/php/cepeProject/back/vendor/codeigniter4/framework/system/Boot.php(334): CodeIgniter\CodeIgniter->run()
#12 /home/mandresy-ranohavison/Documents/Projets/php/cepeProject/back/vendor/codeigniter4/framework/system/Boot.php(67): CodeIgniter\Boot::runCodeIgniter()
#13 /home/mandresy-ranohavison/Documents/Projets/php/cepeProject/back/public/index.php(66): CodeIgniter\Boot::bootWeb()
#14 /home/mandresy-ranohavison/Documents/Projets/php/cepeProject/back/vendor/codeigniter4/framework/system/rewrite.php(44): require_once('...')
#15 {main}
CRITICAL - 2025-03-22 12:02:05 --> CodeIgniter\Database\Exceptions\DatabaseException: Duplicate entry '' for key 'ELEVE.PRIMARY'
[Method: POST, Route: api/eleve/create]
in SYSTEMPATH/Database/BaseConnection.php on line 692.
 1 SYSTEMPATH/Database/BaseBuilder.php(2345): CodeIgniter\Database\BaseConnection->query()
 2 SYSTEMPATH/Model.php(394): CodeIgniter\Database\BaseBuilder->insert()
 3 SYSTEMPATH/BaseModel.php(839): CodeIgniter\Model->doInsert()
 4 SYSTEMPATH/Model.php(800): CodeIgniter\BaseModel->insert()
 5 APPPATH/Controllers/ApiController.php(108): CodeIgniter\Model->insert()
 6 SYSTEMPATH/CodeIgniter.php(933): App\Controllers\ApiController->createEleve()
 7 SYSTEMPATH/CodeIgniter.php(507): CodeIgniter\CodeIgniter->runController()
 8 SYSTEMPATH/CodeIgniter.php(354): CodeIgniter\CodeIgniter->handleRequest()
 9 SYSTEMPATH/Boot.php(334): CodeIgniter\CodeIgniter->run()
10 SYSTEMPATH/Boot.php(67): CodeIgniter\Boot::runCodeIgniter()
11 FCPATH/index.php(66): CodeIgniter\Boot::bootWeb()
12 SYSTEMPATH/rewrite.php(44): require_once('/home/mandresy-ranohavison/Documents/Projets/php/cepeProject/back/public/index.php')
CRITICAL - 2025-03-22 12:02:05 --> [Caused by] CodeIgniter\Database\Exceptions\DatabaseException: Duplicate entry '' for key 'ELEVE.PRIMARY'
in SYSTEMPATH/Database/MySQLi/Connection.php on line 332.
 1 SYSTEMPATH/Database/BaseConnection.php(738): CodeIgniter\Database\MySQLi\Connection->execute()
 2 SYSTEMPATH/Database/BaseConnection.php(652): CodeIgniter\Database\BaseConnection->simpleQuery()
 3 SYSTEMPATH/Database/BaseBuilder.php(2345): CodeIgniter\Database\BaseConnection->query()
 4 SYSTEMPATH/Model.php(394): CodeIgniter\Database\BaseBuilder->insert()
 5 SYSTEMPATH/BaseModel.php(839): CodeIgniter\Model->doInsert()
 6 SYSTEMPATH/Model.php(800): CodeIgniter\BaseModel->insert()
 7 APPPATH/Controllers/ApiController.php(108): CodeIgniter\Model->insert()
 8 SYSTEMPATH/CodeIgniter.php(933): App\Controllers\ApiController->createEleve()
 9 SYSTEMPATH/CodeIgniter.php(507): CodeIgniter\CodeIgniter->runController()
10 SYSTEMPATH/CodeIgniter.php(354): CodeIgniter\CodeIgniter->handleRequest()
11 SYSTEMPATH/Boot.php(334): CodeIgniter\CodeIgniter->run()
12 SYSTEMPATH/Boot.php(67): CodeIgniter\Boot::runCodeIgniter()
13 FCPATH/index.php(66): CodeIgniter\Boot::bootWeb()
14 SYSTEMPATH/rewrite.php(44): require_once('/home/mandresy-ranohavison/Documents/Projets/php/cepeProject/back/public/index.php')
CRITICAL - 2025-03-22 12:02:05 --> [Caused by] mysqli_sql_exception: Duplicate entry '' for key 'ELEVE.PRIMARY'
in SYSTEMPATH/Database/MySQLi/Connection.php on line 327.
 1 SYSTEMPATH/Database/MySQLi/Connection.php(327): mysqli->query()
 2 SYSTEMPATH/Database/BaseConnection.php(738): CodeIgniter\Database\MySQLi\Connection->execute()
 3 SYSTEMPATH/Database/BaseConnection.php(652): CodeIgniter\Database\BaseConnection->simpleQuery()
 4 SYSTEMPATH/Database/BaseBuilder.php(2345): CodeIgniter\Database\BaseConnection->query()
 5 SYSTEMPATH/Model.php(394): CodeIgniter\Database\BaseBuilder->insert()
 6 SYSTEMPATH/BaseModel.php(839): CodeIgniter\Model->doInsert()
 7 SYSTEMPATH/Model.php(800): CodeIgniter\BaseModel->insert()
 8 APPPATH/Controllers/ApiController.php(108): CodeIgniter\Model->insert()
 9 SYSTEMPATH/CodeIgniter.php(933): App\Controllers\ApiController->createEleve()
10 SYSTEMPATH/CodeIgniter.php(507): CodeIgniter\CodeIgniter->runController()
11 SYSTEMPATH/CodeIgniter.php(354): CodeIgniter\CodeIgniter->handleRequest()
12 SYSTEMPATH/Boot.php(334): CodeIgniter\CodeIgniter->run()
13 SYSTEMPATH/Boot.php(67): CodeIgniter\Boot::runCodeIgniter()
14 FCPATH/index.php(66): CodeIgniter\Boot::bootWeb()
15 SYSTEMPATH/rewrite.php(44): require_once('/home/mandresy-ranohavison/Documents/Projets/php/cepeProject/back/public/index.php')
ERROR - 2025-03-22 12:02:39 --> mysqli_sql_exception: Duplicate entry '' for key 'ELEVE.PRIMARY' in /home/mandresy-ranohavison/Documents/Projets/php/cepeProject/back/vendor/codeigniter4/framework/system/Database/MySQLi/Connection.php:327
Stack trace:
#0 /home/mandresy-ranohavison/Documents/Projets/php/cepeProject/back/vendor/codeigniter4/framework/system/Database/MySQLi/Connection.php(327): mysqli->query()
#1 /home/mandresy-ranohavison/Documents/Projets/php/cepeProject/back/vendor/codeigniter4/framework/system/Database/BaseConnection.php(738): CodeIgniter\Database\MySQLi\Connection->execute()
#2 /home/mandresy-ranohavison/Documents/Projets/php/cepeProject/back/vendor/codeigniter4/framework/system/Database/BaseConnection.php(652): CodeIgniter\Database\BaseConnection->simpleQuery()
#3 /home/mandresy-ranohavison/Documents/Projets/php/cepeProject/back/vendor/codeigniter4/framework/system/Database/BaseBuilder.php(2345): CodeIgniter\Database\BaseConnection->query()
#4 /home/mandresy-ranohavison/Documents/Projets/php/cepeProject/back/vendor/codeigniter4/framework/system/Model.php(394): CodeIgniter\Database\BaseBuilder->insert()
#5 /home/mandresy-ranohavison/Documents/Projets/php/cepeProject/back/vendor/codeigniter4/framework/system/BaseModel.php(839): CodeIgniter\Model->doInsert()
#6 /home/mandresy-ranohavison/Documents/Projets/php/cepeProject/back/vendor/codeigniter4/framework/system/Model.php(800): CodeIgniter\BaseModel->insert()
#7 /home/mandresy-ranohavison/Documents/Projets/php/cepeProject/back/app/Controllers/ApiController.php(108): CodeIgniter\Model->insert()
#8 /home/mandresy-ranohavison/Documents/Projets/php/cepeProject/back/vendor/codeigniter4/framework/system/CodeIgniter.php(933): App\Controllers\ApiController->createEleve()
#9 /home/mandresy-ranohavison/Documents/Projets/php/cepeProject/back/vendor/codeigniter4/framework/system/CodeIgniter.php(507): CodeIgniter\CodeIgniter->runController()
#10 /home/mandresy-ranohavison/Documents/Projets/php/cepeProject/back/vendor/codeigniter4/framework/system/CodeIgniter.php(354): CodeIgniter\CodeIgniter->handleRequest()
#11 /home/mandresy-ranohavison/Documents/Projets/php/cepeProject/back/vendor/codeigniter4/framework/system/Boot.php(334): CodeIgniter\CodeIgniter->run()
#12 /home/mandresy-ranohavison/Documents/Projets/php/cepeProject/back/vendor/codeigniter4/framework/system/Boot.php(67): CodeIgniter\Boot::runCodeIgniter()
#13 /home/mandresy-ranohavison/Documents/Projets/php/cepeProject/back/public/index.php(66): CodeIgniter\Boot::bootWeb()
#14 /home/mandresy-ranohavison/Documents/Projets/php/cepeProject/back/vendor/codeigniter4/framework/system/rewrite.php(44): require_once('...')
#15 {main}
CRITICAL - 2025-03-22 12:02:39 --> CodeIgniter\Database\Exceptions\DatabaseException: Duplicate entry '' for key 'ELEVE.PRIMARY'
[Method: POST, Route: api/eleve/create]
in SYSTEMPATH/Database/BaseConnection.php on line 692.
 1 SYSTEMPATH/Database/BaseBuilder.php(2345): CodeIgniter\Database\BaseConnection->query()
 2 SYSTEMPATH/Model.php(394): CodeIgniter\Database\BaseBuilder->insert()
 3 SYSTEMPATH/BaseModel.php(839): CodeIgniter\Model->doInsert()
 4 SYSTEMPATH/Model.php(800): CodeIgniter\BaseModel->insert()
 5 APPPATH/Controllers/ApiController.php(108): CodeIgniter\Model->insert()
 6 SYSTEMPATH/CodeIgniter.php(933): App\Controllers\ApiController->createEleve()
 7 SYSTEMPATH/CodeIgniter.php(507): CodeIgniter\CodeIgniter->runController()
 8 SYSTEMPATH/CodeIgniter.php(354): CodeIgniter\CodeIgniter->handleRequest()
 9 SYSTEMPATH/Boot.php(334): CodeIgniter\CodeIgniter->run()
10 SYSTEMPATH/Boot.php(67): CodeIgniter\Boot::runCodeIgniter()
11 FCPATH/index.php(66): CodeIgniter\Boot::bootWeb()
12 SYSTEMPATH/rewrite.php(44): require_once('/home/mandresy-ranohavison/Documents/Projets/php/cepeProject/back/public/index.php')
CRITICAL - 2025-03-22 12:02:39 --> [Caused by] CodeIgniter\Database\Exceptions\DatabaseException: Duplicate entry '' for key 'ELEVE.PRIMARY'
in SYSTEMPATH/Database/MySQLi/Connection.php on line 332.
 1 SYSTEMPATH/Database/BaseConnection.php(738): CodeIgniter\Database\MySQLi\Connection->execute()
 2 SYSTEMPATH/Database/BaseConnection.php(652): CodeIgniter\Database\BaseConnection->simpleQuery()
 3 SYSTEMPATH/Database/BaseBuilder.php(2345): CodeIgniter\Database\BaseConnection->query()
 4 SYSTEMPATH/Model.php(394): CodeIgniter\Database\BaseBuilder->insert()
 5 SYSTEMPATH/BaseModel.php(839): CodeIgniter\Model->doInsert()
 6 SYSTEMPATH/Model.php(800): CodeIgniter\BaseModel->insert()
 7 APPPATH/Controllers/ApiController.php(108): CodeIgniter\Model->insert()
 8 SYSTEMPATH/CodeIgniter.php(933): App\Controllers\ApiController->createEleve()
 9 SYSTEMPATH/CodeIgniter.php(507): CodeIgniter\CodeIgniter->runController()
10 SYSTEMPATH/CodeIgniter.php(354): CodeIgniter\CodeIgniter->handleRequest()
11 SYSTEMPATH/Boot.php(334): CodeIgniter\CodeIgniter->run()
12 SYSTEMPATH/Boot.php(67): CodeIgniter\Boot::runCodeIgniter()
13 FCPATH/index.php(66): CodeIgniter\Boot::bootWeb()
14 SYSTEMPATH/rewrite.php(44): require_once('/home/mandresy-ranohavison/Documents/Projets/php/cepeProject/back/public/index.php')
CRITICAL - 2025-03-22 12:02:39 --> [Caused by] mysqli_sql_exception: Duplicate entry '' for key 'ELEVE.PRIMARY'
in SYSTEMPATH/Database/MySQLi/Connection.php on line 327.
 1 SYSTEMPATH/Database/MySQLi/Connection.php(327): mysqli->query()
 2 SYSTEMPATH/Database/BaseConnection.php(738): CodeIgniter\Database\MySQLi\Connection->execute()
 3 SYSTEMPATH/Database/BaseConnection.php(652): CodeIgniter\Database\BaseConnection->simpleQuery()
 4 SYSTEMPATH/Database/BaseBuilder.php(2345): CodeIgniter\Database\BaseConnection->query()
 5 SYSTEMPATH/Model.php(394): CodeIgniter\Database\BaseBuilder->insert()
 6 SYSTEMPATH/BaseModel.php(839): CodeIgniter\Model->doInsert()
 7 SYSTEMPATH/Model.php(800): CodeIgniter\BaseModel->insert()
 8 APPPATH/Controllers/ApiController.php(108): CodeIgniter\Model->insert()
 9 SYSTEMPATH/CodeIgniter.php(933): App\Controllers\ApiController->createEleve()
10 SYSTEMPATH/CodeIgniter.php(507): CodeIgniter\CodeIgniter->runController()
11 SYSTEMPATH/CodeIgniter.php(354): CodeIgniter\CodeIgniter->handleRequest()
12 SYSTEMPATH/Boot.php(334): CodeIgniter\CodeIgniter->run()
13 SYSTEMPATH/Boot.php(67): CodeIgniter\Boot::runCodeIgniter()
14 FCPATH/index.php(66): CodeIgniter\Boot::bootWeb()
15 SYSTEMPATH/rewrite.php(44): require_once('/home/mandresy-ranohavison/Documents/Projets/php/cepeProject/back/public/index.php')
ERROR - 2025-03-22 12:06:06 --> mysqli_sql_exception: Duplicate entry '' for key 'ELEVE.PRIMARY' in /home/mandresy-ranohavison/Documents/Projets/php/cepeProject/back/vendor/codeigniter4/framework/system/Database/MySQLi/Connection.php:327
Stack trace:
#0 /home/mandresy-ranohavison/Documents/Projets/php/cepeProject/back/vendor/codeigniter4/framework/system/Database/MySQLi/Connection.php(327): mysqli->query()
#1 /home/mandresy-ranohavison/Documents/Projets/php/cepeProject/back/vendor/codeigniter4/framework/system/Database/BaseConnection.php(738): CodeIgniter\Database\MySQLi\Connection->execute()
#2 /home/mandresy-ranohavison/Documents/Projets/php/cepeProject/back/vendor/codeigniter4/framework/system/Database/BaseConnection.php(652): CodeIgniter\Database\BaseConnection->simpleQuery()
#3 /home/mandresy-ranohavison/Documents/Projets/php/cepeProject/back/vendor/codeigniter4/framework/system/Database/BaseBuilder.php(2345): CodeIgniter\Database\BaseConnection->query()
#4 /home/mandresy-ranohavison/Documents/Projets/php/cepeProject/back/vendor/codeigniter4/framework/system/Model.php(394): CodeIgniter\Database\BaseBuilder->insert()
#5 /home/mandresy-ranohavison/Documents/Projets/php/cepeProject/back/vendor/codeigniter4/framework/system/BaseModel.php(839): CodeIgniter\Model->doInsert()
#6 /home/mandresy-ranohavison/Documents/Projets/php/cepeProject/back/vendor/codeigniter4/framework/system/Model.php(800): CodeIgniter\BaseModel->insert()
#7 /home/mandresy-ranohavison/Documents/Projets/php/cepeProject/back/app/Controllers/ApiController.php(115): CodeIgniter\Model->insert()
#8 /home/mandresy-ranohavison/Documents/Projets/php/cepeProject/back/vendor/codeigniter4/framework/system/CodeIgniter.php(933): App\Controllers\ApiController->createEleve()
#9 /home/mandresy-ranohavison/Documents/Projets/php/cepeProject/back/vendor/codeigniter4/framework/system/CodeIgniter.php(507): CodeIgniter\CodeIgniter->runController()
#10 /home/mandresy-ranohavison/Documents/Projets/php/cepeProject/back/vendor/codeigniter4/framework/system/CodeIgniter.php(354): CodeIgniter\CodeIgniter->handleRequest()
#11 /home/mandresy-ranohavison/Documents/Projets/php/cepeProject/back/vendor/codeigniter4/framework/system/Boot.php(334): CodeIgniter\CodeIgniter->run()
#12 /home/mandresy-ranohavison/Documents/Projets/php/cepeProject/back/vendor/codeigniter4/framework/system/Boot.php(67): CodeIgniter\Boot::runCodeIgniter()
#13 /home/mandresy-ranohavison/Documents/Projets/php/cepeProject/back/public/index.php(66): CodeIgniter\Boot::bootWeb()
#14 /home/mandresy-ranohavison/Documents/Projets/php/cepeProject/back/vendor/codeigniter4/framework/system/rewrite.php(44): require_once('...')
#15 {main}
CRITICAL - 2025-03-22 12:06:06 --> CodeIgniter\Database\Exceptions\DatabaseException: Duplicate entry '' for key 'ELEVE.PRIMARY'
[Method: POST, Route: api/eleve/create]
in SYSTEMPATH/Database/BaseConnection.php on line 692.
 1 SYSTEMPATH/Database/BaseBuilder.php(2345): CodeIgniter\Database\BaseConnection->query()
 2 SYSTEMPATH/Model.php(394): CodeIgniter\Database\BaseBuilder->insert()
 3 SYSTEMPATH/BaseModel.php(839): CodeIgniter\Model->doInsert()
 4 SYSTEMPATH/Model.php(800): CodeIgniter\BaseModel->insert()
 5 APPPATH/Controllers/ApiController.php(115): CodeIgniter\Model->insert()
 6 SYSTEMPATH/CodeIgniter.php(933): App\Controllers\ApiController->createEleve()
 7 SYSTEMPATH/CodeIgniter.php(507): CodeIgniter\CodeIgniter->runController()
 8 SYSTEMPATH/CodeIgniter.php(354): CodeIgniter\CodeIgniter->handleRequest()
 9 SYSTEMPATH/Boot.php(334): CodeIgniter\CodeIgniter->run()
10 SYSTEMPATH/Boot.php(67): CodeIgniter\Boot::runCodeIgniter()
11 FCPATH/index.php(66): CodeIgniter\Boot::bootWeb()
12 SYSTEMPATH/rewrite.php(44): require_once('/home/mandresy-ranohavison/Documents/Projets/php/cepeProject/back/public/index.php')
CRITICAL - 2025-03-22 12:06:06 --> [Caused by] CodeIgniter\Database\Exceptions\DatabaseException: Duplicate entry '' for key 'ELEVE.PRIMARY'
in SYSTEMPATH/Database/MySQLi/Connection.php on line 332.
 1 SYSTEMPATH/Database/BaseConnection.php(738): CodeIgniter\Database\MySQLi\Connection->execute()
 2 SYSTEMPATH/Database/BaseConnection.php(652): CodeIgniter\Database\BaseConnection->simpleQuery()
 3 SYSTEMPATH/Database/BaseBuilder.php(2345): CodeIgniter\Database\BaseConnection->query()
 4 SYSTEMPATH/Model.php(394): CodeIgniter\Database\BaseBuilder->insert()
 5 SYSTEMPATH/BaseModel.php(839): CodeIgniter\Model->doInsert()
 6 SYSTEMPATH/Model.php(800): CodeIgniter\BaseModel->insert()
 7 APPPATH/Controllers/ApiController.php(115): CodeIgniter\Model->insert()
 8 SYSTEMPATH/CodeIgniter.php(933): App\Controllers\ApiController->createEleve()
 9 SYSTEMPATH/CodeIgniter.php(507): CodeIgniter\CodeIgniter->runController()
10 SYSTEMPATH/CodeIgniter.php(354): CodeIgniter\CodeIgniter->handleRequest()
11 SYSTEMPATH/Boot.php(334): CodeIgniter\CodeIgniter->run()
12 SYSTEMPATH/Boot.php(67): CodeIgniter\Boot::runCodeIgniter()
13 FCPATH/index.php(66): CodeIgniter\Boot::bootWeb()
14 SYSTEMPATH/rewrite.php(44): require_once('/home/mandresy-ranohavison/Documents/Projets/php/cepeProject/back/public/index.php')
CRITICAL - 2025-03-22 12:06:06 --> [Caused by] mysqli_sql_exception: Duplicate entry '' for key 'ELEVE.PRIMARY'
in SYSTEMPATH/Database/MySQLi/Connection.php on line 327.
 1 SYSTEMPATH/Database/MySQLi/Connection.php(327): mysqli->query()
 2 SYSTEMPATH/Database/BaseConnection.php(738): CodeIgniter\Database\MySQLi\Connection->execute()
 3 SYSTEMPATH/Database/BaseConnection.php(652): CodeIgniter\Database\BaseConnection->simpleQuery()
 4 SYSTEMPATH/Database/BaseBuilder.php(2345): CodeIgniter\Database\BaseConnection->query()
 5 SYSTEMPATH/Model.php(394): CodeIgniter\Database\BaseBuilder->insert()
 6 SYSTEMPATH/BaseModel.php(839): CodeIgniter\Model->doInsert()
 7 SYSTEMPATH/Model.php(800): CodeIgniter\BaseModel->insert()
 8 APPPATH/Controllers/ApiController.php(115): CodeIgniter\Model->insert()
 9 SYSTEMPATH/CodeIgniter.php(933): App\Controllers\ApiController->createEleve()
10 SYSTEMPATH/CodeIgniter.php(507): CodeIgniter\CodeIgniter->runController()
11 SYSTEMPATH/CodeIgniter.php(354): CodeIgniter\CodeIgniter->handleRequest()
12 SYSTEMPATH/Boot.php(334): CodeIgniter\CodeIgniter->run()
13 SYSTEMPATH/Boot.php(67): CodeIgniter\Boot::runCodeIgniter()
14 FCPATH/index.php(66): CodeIgniter\Boot::bootWeb()
15 SYSTEMPATH/rewrite.php(44): require_once('/home/mandresy-ranohavison/Documents/Projets/php/cepeProject/back/public/index.php')
